[    2636ms] [ERROR] p: MISSING_MESSAGE: emailTemplates.editorHint (ru)
    at c (https://v2.leaddrivecrm.org/_next/static/chunks/3073ed4e47d4d993.js:3:4743)
    at m (https://v2.leaddrivecrm.org/_next/static/chunks/3073ed4e47d4d993.js:3:4930)
    at f (https://v2.leaddrivecrm.org/_next/static/chunks/3073ed4e47d4d993.js:3:5389)
    at T (https://v2.leaddrivecrm.org/_next/static/chunks/3a476b296a2b41b2.js:1:17094)
    at av (https://v2.leaddrivecrm.org/_next/static/chunks/3707b5060c442959.js:1:63258)
    at oY (https://v2.leaddrivecrm.org/_next/static/chunks/3707b5060c442959.js:1:83531)
    at io (https://v2.leaddrivecrm.org/_next/static/chunks/3707b5060c442959.js:1:94963)
    at sc (https://v2.leaddrivecrm.org/_next/static/chunks/3707b5060c442959.js:1:137984)
    at https://v2.leaddrivecrm.org/_next/static/chunks/3707b5060c442959.js:1:137829
    at ss (https://v2.leaddrivecrm.org/_next/static/chunks/3707b5060c442959.js:1:137837) @ https://v2.leaddrivecrm.org/_next/static/chunks/3073ed4e47d4d993.js:2
[    2637ms] [ERROR] p: MISSING_MESSAGE: emailTemplates.tabEditor (ru)
    at c (https://v2.leaddrivecrm.org/_next/static/chunks/3073ed4e47d4d993.js:3:4743)
    at m (https://v2.leaddrivecrm.org/_next/static/chunks/3073ed4e47d4d993.js:3:4930)
    at f (https://v2.leaddrivecrm.org/_next/static/chunks/3073ed4e47d4d993.js:3:5389)
    at T (https://v2.leaddrivecrm.org/_next/static/chunks/3a476b296a2b41b2.js:1:17442)
    at av (https://v2.leaddrivecrm.org/_next/static/chunks/3707b5060c442959.js:1:63258)
    at oY (https://v2.leaddrivecrm.org/_next/static/chunks/3707b5060c442959.js:1:83531)
    at io (https://v2.leaddrivecrm.org/_next/static/chunks/3707b5060c442959.js:1:94963)
    at sc (https://v2.leaddrivecrm.org/_next/static/chunks/3707b5060c442959.js:1:137984)
    at https://v2.leaddrivecrm.org/_next/static/chunks/3707b5060c442959.js:1:137829
    at ss (https://v2.leaddrivecrm.org/_next/static/chunks/3707b5060c442959.js:1:137837) @ https://v2.leaddrivecrm.org/_next/static/chunks/3073ed4e47d4d993.js:2
[    2638ms] [ERROR] p: MISSING_MESSAGE: emailTemplates.tabPreview (ru)
    at c (https://v2.leaddrivecrm.org/_next/static/chunks/3073ed4e47d4d993.js:3:4743)
    at m (https://v2.leaddrivecrm.org/_next/static/chunks/3073ed4e47d4d993.js:3:4930)
    at f (https://v2.leaddrivecrm.org/_next/static/chunks/3073ed4e47d4d993.js:3:5389)
    at T (https://v2.leaddrivecrm.org/_next/static/chunks/3a476b296a2b41b2.js:1:17733)
    at av (https://v2.leaddrivecrm.org/_next/static/chunks/3707b5060c442959.js:1:63258)
    at oY (https://v2.leaddrivecrm.org/_next/static/chunks/3707b5060c442959.js:1:83531)
    at io (https://v2.leaddrivecrm.org/_next/static/chunks/3707b5060c442959.js:1:94963)
    at sc (https://v2.leaddrivecrm.org/_next/static/chunks/3707b5060c442959.js:1:137984)
    at https://v2.leaddrivecrm.org/_next/static/chunks/3707b5060c442959.js:1:137829
    at ss (https://v2.leaddrivecrm.org/_next/static/chunks/3707b5060c442959.js:1:137837) @ https://v2.leaddrivecrm.org/_next/static/chunks/3073ed4e47d4d993.js:2
[    2638ms] [ERROR] p: MISSING_MESSAGE: emailTemplates.fontSize (ru)
    at c (https://v2.leaddrivecrm.org/_next/static/chunks/3073ed4e47d4d993.js:3:4743)
    at m (https://v2.leaddrivecrm.org/_next/static/chunks/3073ed4e47d4d993.js:3:4930)
    at f (https://v2.leaddrivecrm.org/_next/static/chunks/3073ed4e47d4d993.js:3:5389)
    at T (https://v2.leaddrivecrm.org/_next/static/chunks/3a476b296a2b41b2.js:1:19125)
    at av (https://v2.leaddrivecrm.org/_next/static/chunks/3707b5060c442959.js:1:63258)
    at oY (https://v2.leaddrivecrm.org/_next/static/chunks/3707b5060c442959.js:1:83531)
    at io (https://v2.leaddrivecrm.org/_next/static/chunks/3707b5060c442959.js:1:94963)
    at sc (https://v2.leaddrivecrm.org/_next/static/chunks/3707b5060c442959.js:1:137984)
    at https://v2.leaddrivecrm.org/_next/static/chunks/3707b5060c442959.js:1:137829
    at ss (https://v2.leaddrivecrm.org/_next/static/chunks/3707b5060c442959.js:1:137837) @ https://v2.leaddrivecrm.org/_next/static/chunks/3073ed4e47d4d993.js:2
[    2640ms] [ERROR] p: MISSING_MESSAGE: emailTemplates.fontSmall (ru)
    at c (https://v2.leaddrivecrm.org/_next/static/chunks/3073ed4e47d4d993.js:3:4743)
    at m (https://v2.leaddrivecrm.org/_next/static/chunks/3073ed4e47d4d993.js:3:4930)
    at f (https://v2.leaddrivecrm.org/_next/static/chunks/3073ed4e47d4d993.js:3:5389)
    at T (https://v2.leaddrivecrm.org/_next/static/chunks/3a476b296a2b41b2.js:1:19180)
    at av (https://v2.leaddrivecrm.org/_next/static/chunks/3707b5060c442959.js:1:63258)
    at oY (https://v2.leaddrivecrm.org/_next/static/chunks/3707b5060c442959.js:1:83531)
    at io (https://v2.leaddrivecrm.org/_next/static/chunks/3707b5060c442959.js:1:94963)
    at sc (https://v2.leaddrivecrm.org/_next/static/chunks/3707b5060c442959.js:1:137984)
    at https://v2.leaddrivecrm.org/_next/static/chunks/3707b5060c442959.js:1:137829
    at ss (https://v2.leaddrivecrm.org/_next/static/chunks/3707b5060c442959.js:1:137837) @ https://v2.leaddrivecrm.org/_next/static/chunks/3073ed4e47d4d993.js:2
[    2640ms] [ERROR] p: MISSING_MESSAGE: emailTemplates.fontNormal (ru)
    at c (https://v2.leaddrivecrm.org/_next/static/chunks/3073ed4e47d4d993.js:3:4743)
    at m (https://v2.leaddrivecrm.org/_next/static/chunks/3073ed4e47d4d993.js:3:4930)
    at f (https://v2.leaddrivecrm.org/_next/static/chunks/3073ed4e47d4d993.js:3:5389)
    at T (https://v2.leaddrivecrm.org/_next/static/chunks/3a476b296a2b41b2.js:1:19236)
    at av (https://v2.leaddrivecrm.org/_next/static/chunks/3707b5060c442959.js:1:63258)
    at oY (https://v2.leaddrivecrm.org/_next/static/chunks/3707b5060c442959.js:1:83531)
    at io (https://v2.leaddrivecrm.org/_next/static/chunks/3707b5060c442959.js:1:94963)
    at sc (https://v2.leaddrivecrm.org/_next/static/chunks/3707b5060c442959.js:1:137984)
    at https://v2.leaddrivecrm.org/_next/static/chunks/3707b5060c442959.js:1:137829
    at ss (https://v2.leaddrivecrm.org/_next/static/chunks/3707b5060c442959.js:1:137837) @ https://v2.leaddrivecrm.org/_next/static/chunks/3073ed4e47d4d993.js:2
[    2640ms] [ERROR] p: MISSING_MESSAGE: emailTemplates.fontLarge (ru)
    at c (https://v2.leaddrivecrm.org/_next/static/chunks/3073ed4e47d4d993.js:3:4743)
    at m (https://v2.leaddrivecrm.org/_next/static/chunks/3073ed4e47d4d993.js:3:4930)
    at f (https://v2.leaddrivecrm.org/_next/static/chunks/3073ed4e47d4d993.js:3:5389)
    at T (https://v2.leaddrivecrm.org/_next/static/chunks/3a476b296a2b41b2.js:1:19293)
    at av (https://v2.leaddrivecrm.org/_next/static/chunks/3707b5060c442959.js:1:63258)
    at oY (https://v2.leaddrivecrm.org/_next/static/chunks/3707b5060c442959.js:1:83531)
    at io (https://v2.leaddrivecrm.org/_next/static/chunks/3707b5060c442959.js:1:94963)
    at sc (https://v2.leaddrivecrm.org/_next/static/chunks/3707b5060c442959.js:1:137984)
    at https://v2.leaddrivecrm.org/_next/static/chunks/3707b5060c442959.js:1:137829
    at ss (https://v2.leaddrivecrm.org/_next/static/chunks/3707b5060c442959.js:1:137837) @ https://v2.leaddrivecrm.org/_next/static/chunks/3073ed4e47d4d993.js:2
[    2641ms] [ERROR] p: MISSING_MESSAGE: emailTemplates.fontHeading (ru)
    at c (https://v2.leaddrivecrm.org/_next/static/chunks/3073ed4e47d4d993.js:3:4743)
    at m (https://v2.leaddrivecrm.org/_next/static/chunks/3073ed4e47d4d993.js:3:4930)
    at f (https://v2.leaddrivecrm.org/_next/static/chunks/3073ed4e47d4d993.js:3:5389)
    at T (https://v2.leaddrivecrm.org/_next/static/chunks/3a476b296a2b41b2.js:1:19349)
    at av (https://v2.leaddrivecrm.org/_next/static/chunks/3707b5060c442959.js:1:63258)
    at oY (https://v2.leaddrivecrm.org/_next/static/chunks/3707b5060c442959.js:1:83531)
    at io (https://v2.leaddrivecrm.org/_next/static/chunks/3707b5060c442959.js:1:94963)
    at sc (https://v2.leaddrivecrm.org/_next/static/chunks/3707b5060c442959.js:1:137984)
    at https://v2.leaddrivecrm.org/_next/static/chunks/3707b5060c442959.js:1:137829
    at ss (https://v2.leaddrivecrm.org/_next/static/chunks/3707b5060c442959.js:1:137837) @ https://v2.leaddrivecrm.org/_next/static/chunks/3073ed4e47d4d993.js:2
[    2641ms] [ERROR] p: MISSING_MESSAGE: emailTemplates.textColor (ru)
    at c (https://v2.leaddrivecrm.org/_next/static/chunks/3073ed4e47d4d993.js:3:4743)
    at m (https://v2.leaddrivecrm.org/_next/static/chunks/3073ed4e47d4d993.js:3:4930)
    at f (https://v2.leaddrivecrm.org/_next/static/chunks/3073ed4e47d4d993.js:3:5389)
    at T (https://v2.leaddrivecrm.org/_next/static/chunks/3a476b296a2b41b2.js:1:19459)
    at av (https://v2.leaddrivecrm.org/_next/static/chunks/3707b5060c442959.js:1:63258)
    at oY (https://v2.leaddrivecrm.org/_next/static/chunks/3707b5060c442959.js:1:83531)
    at io (https://v2.leaddrivecrm.org/_next/static/chunks/3707b5060c442959.js:1:94963)
    at sc (https://v2.leaddrivecrm.org/_next/static/chunks/3707b5060c442959.js:1:137984)
    at https://v2.leaddrivecrm.org/_next/static/chunks/3707b5060c442959.js:1:137829
    at ss (https://v2.leaddrivecrm.org/_next/static/chunks/3707b5060c442959.js:1:137837) @ https://v2.leaddrivecrm.org/_next/static/chunks/3073ed4e47d4d993.js:2
[    2642ms] [ERROR] p: MISSING_MESSAGE: emailTemplates.clientData (ru)
    at c (https://v2.leaddrivecrm.org/_next/static/chunks/3073ed4e47d4d993.js:3:4743)
    at m (https://v2.leaddrivecrm.org/_next/static/chunks/3073ed4e47d4d993.js:3:4930)
    at f (https://v2.leaddrivecrm.org/_next/static/chunks/3073ed4e47d4d993.js:3:5389)
    at T (https://v2.leaddrivecrm.org/_next/static/chunks/3a476b296a2b41b2.js:1:21405)
    at av (https://v2.leaddrivecrm.org/_next/static/chunks/3707b5060c442959.js:1:63258)
    at oY (https://v2.leaddrivecrm.org/_next/static/chunks/3707b5060c442959.js:1:83531)
    at io (https://v2.leaddrivecrm.org/_next/static/chunks/3707b5060c442959.js:1:94963)
    at sc (https://v2.leaddrivecrm.org/_next/static/chunks/3707b5060c442959.js:1:137984)
    at https://v2.leaddrivecrm.org/_next/static/chunks/3707b5060c442959.js:1:137829
    at ss (https://v2.leaddrivecrm.org/_next/static/chunks/3707b5060c442959.js:1:137837) @ https://v2.leaddrivecrm.org/_next/static/chunks/3073ed4e47d4d993.js:2
[    2642ms] [ERROR] p: MISSING_MESSAGE: emailTemplates.varClientName (ru)
    at c (https://v2.leaddrivecrm.org/_next/static/chunks/3073ed4e47d4d993.js:3:4743)
    at m (https://v2.leaddrivecrm.org/_next/static/chunks/3073ed4e47d4d993.js:3:4930)
    at f (https://v2.leaddrivecrm.org/_next/static/chunks/3073ed4e47d4d993.js:3:5389)
    at https://v2.leaddrivecrm.org/_next/static/chunks/3a476b296a2b41b2.js:1:21901
    at Array.map (<anonymous>)
    at T (https://v2.leaddrivecrm.org/_next/static/chunks/3a476b296a2b41b2.js:1:21430)
    at av (https://v2.leaddrivecrm.org/_next/static/chunks/3707b5060c442959.js:1:63258)
    at oY (https://v2.leaddrivecrm.org/_next/static/chunks/3707b5060c442959.js:1:83531)
    at io (https://v2.leaddrivecrm.org/_next/static/chunks/3707b5060c442959.js:1:94963)
    at sc (https://v2.leaddrivecrm.org/_next/static/chunks/3707b5060c442959.js:1:137984) @ https://v2.leaddrivecrm.org/_next/static/chunks/3073ed4e47d4d993.js:2
[    2643ms] [ERROR] p: MISSING_MESSAGE: emailTemplates.varClientEmail (ru)
    at c (https://v2.leaddrivecrm.org/_next/static/chunks/3073ed4e47d4d993.js:3:4743)
    at m (https://v2.leaddrivecrm.org/_next/static/chunks/3073ed4e47d4d993.js:3:4930)
    at f (https://v2.leaddrivecrm.org/_next/static/chunks/3073ed4e47d4d993.js:3:5389)
    at https://v2.leaddrivecrm.org/_next/static/chunks/3a476b296a2b41b2.js:1:21901
    at Array.map (<anonymous>)
    at T (https://v2.leaddrivecrm.org/_next/static/chunks/3a476b296a2b41b2.js:1:21430)
    at av (https://v2.leaddrivecrm.org/_next/static/chunks/3707b5060c442959.js:1:63258)
    at oY (https://v2.leaddrivecrm.org/_next/static/chunks/3707b5060c442959.js:1:83531)
    at io (https://v2.leaddrivecrm.org/_next/static/chunks/3707b5060c442959.js:1:94963)
    at sc (https://v2.leaddrivecrm.org/_next/static/chunks/3707b5060c442959.js:1:137984) @ https://v2.leaddrivecrm.org/_next/static/chunks/3073ed4e47d4d993.js:2
[    2643ms] [ERROR] p: MISSING_MESSAGE: emailTemplates.varCompany (ru)
    at c (https://v2.leaddrivecrm.org/_next/static/chunks/3073ed4e47d4d993.js:3:4743)
    at m (https://v2.leaddrivecrm.org/_next/static/chunks/3073ed4e47d4d993.js:3:4930)
    at f (https://v2.leaddrivecrm.org/_next/static/chunks/3073ed4e47d4d993.js:3:5389)
    at https://v2.leaddrivecrm.org/_next/static/chunks/3a476b296a2b41b2.js:1:21901
    at Array.map (<anonymous>)
    at T (https://v2.leaddrivecrm.org/_next/static/chunks/3a476b296a2b41b2.js:1:21430)
    at av (https://v2.leaddrivecrm.org/_next/static/chunks/3707b5060c442959.js:1:63258)
    at oY (https://v2.leaddrivecrm.org/_next/static/chunks/3707b5060c442959.js:1:83531)
    at io (https://v2.leaddrivecrm.org/_next/static/chunks/3707b5060c442959.js:1:94963)
    at sc (https://v2.leaddrivecrm.org/_next/static/chunks/3707b5060c442959.js:1:137984) @ https://v2.leaddrivecrm.org/_next/static/chunks/3073ed4e47d4d993.js:2
[    2643ms] [ERROR] p: MISSING_MESSAGE: emailTemplates.varService (ru)
    at c (https://v2.leaddrivecrm.org/_next/static/chunks/3073ed4e47d4d993.js:3:4743)
    at m (https://v2.leaddrivecrm.org/_next/static/chunks/3073ed4e47d4d993.js:3:4930)
    at f (https://v2.leaddrivecrm.org/_next/static/chunks/3073ed4e47d4d993.js:3:5389)
    at https://v2.leaddrivecrm.org/_next/static/chunks/3a476b296a2b41b2.js:1:21901
    at Array.map (<anonymous>)
    at T (https://v2.leaddrivecrm.org/_next/static/chunks/3a476b296a2b41b2.js:1:21430)
    at av (https://v2.leaddrivecrm.org/_next/static/chunks/3707b5060c442959.js:1:63258)
    at oY (https://v2.leaddrivecrm.org/_next/static/chunks/3707b5060c442959.js:1:83531)
    at io (https://v2.leaddrivecrm.org/_next/static/chunks/3707b5060c442959.js:1:94963)
    at sc (https://v2.leaddrivecrm.org/_next/static/chunks/3707b5060c442959.js:1:137984) @ https://v2.leaddrivecrm.org/_next/static/chunks/3073ed4e47d4d993.js:2
[    2643ms] [ERROR] p: MISSING_MESSAGE: emailTemplates.varNewServices (ru)
    at c (https://v2.leaddrivecrm.org/_next/static/chunks/3073ed4e47d4d993.js:3:4743)
    at m (https://v2.leaddrivecrm.org/_next/static/chunks/3073ed4e47d4d993.js:3:4930)
    at f (https://v2.leaddrivecrm.org/_next/static/chunks/3073ed4e47d4d993.js:3:5389)
    at https://v2.leaddrivecrm.org/_next/static/chunks/3a476b296a2b41b2.js:1:21901
    at Array.map (<anonymous>)
    at T (https://v2.leaddrivecrm.org/_next/static/chunks/3a476b296a2b41b2.js:1:21430)
    at av (https://v2.leaddrivecrm.org/_next/static/chunks/3707b5060c442959.js:1:63258)
    at oY (https://v2.leaddrivecrm.org/_next/static/chunks/3707b5060c442959.js:1:83531)
    at io (https://v2.leaddrivecrm.org/_next/static/chunks/3707b5060c442959.js:1:94963)
    at sc (https://v2.leaddrivecrm.org/_next/static/chunks/3707b5060c442959.js:1:137984) @ https://v2.leaddrivecrm.org/_next/static/chunks/3073ed4e47d4d993.js:2
[    2643ms] [ERROR] p: MISSING_MESSAGE: emailTemplates.varImprovements (ru)
    at c (https://v2.leaddrivecrm.org/_next/static/chunks/3073ed4e47d4d993.js:3:4743)
    at m (https://v2.leaddrivecrm.org/_next/static/chunks/3073ed4e47d4d993.js:3:4930)
    at f (https://v2.leaddrivecrm.org/_next/static/chunks/3073ed4e47d4d993.js:3:5389)
    at https://v2.leaddrivecrm.org/_next/static/chunks/3a476b296a2b41b2.js:1:21901
    at Array.map (<anonymous>)
    at T (https://v2.leaddrivecrm.org/_next/static/chunks/3a476b296a2b41b2.js:1:21430)
    at av (https://v2.leaddrivecrm.org/_next/static/chunks/3707b5060c442959.js:1:63258)
    at oY (https://v2.leaddrivecrm.org/_next/static/chunks/3707b5060c442959.js:1:83531)
    at io (https://v2.leaddrivecrm.org/_next/static/chunks/3707b5060c442959.js:1:94963)
    at sc (https://v2.leaddrivecrm.org/_next/static/chunks/3707b5060c442959.js:1:137984) @ https://v2.leaddrivecrm.org/_next/static/chunks/3073ed4e47d4d993.js:2
[    2644ms] [ERROR] p: MISSING_MESSAGE: emailTemplates.varUpcoming (ru)
    at c (https://v2.leaddrivecrm.org/_next/static/chunks/3073ed4e47d4d993.js:3:4743)
    at m (https://v2.leaddrivecrm.org/_next/static/chunks/3073ed4e47d4d993.js:3:4930)
    at f (https://v2.leaddrivecrm.org/_next/static/chunks/3073ed4e47d4d993.js:3:5389)
    at https://v2.leaddrivecrm.org/_next/static/chunks/3a476b296a2b41b2.js:1:21901
    at Array.map (<anonymous>)
    at T (https://v2.leaddrivecrm.org/_next/static/chunks/3a476b296a2b41b2.js:1:21430)
    at av (https://v2.leaddrivecrm.org/_next/static/chunks/3707b5060c442959.js:1:63258)
    at oY (https://v2.leaddrivecrm.org/_next/static/chunks/3707b5060c442959.js:1:83531)
    at io (https://v2.leaddrivecrm.org/_next/static/chunks/3707b5060c442959.js:1:94963)
    at sc (https://v2.leaddrivecrm.org/_next/static/chunks/3707b5060c442959.js:1:137984) @ https://v2.leaddrivecrm.org/_next/static/chunks/3073ed4e47d4d993.js:2
[    2644ms] [ERROR] p: MISSING_MESSAGE: emailTemplates.varDate (ru)
    at c (https://v2.leaddrivecrm.org/_next/static/chunks/3073ed4e47d4d993.js:3:4743)
    at m (https://v2.leaddrivecrm.org/_next/static/chunks/3073ed4e47d4d993.js:3:4930)
    at f (https://v2.leaddrivecrm.org/_next/static/chunks/3073ed4e47d4d993.js:3:5389)
    at https://v2.leaddrivecrm.org/_next/static/chunks/3a476b296a2b41b2.js:1:21901
    at Array.map (<anonymous>)
    at T (https://v2.leaddrivecrm.org/_next/static/chunks/3a476b296a2b41b2.js:1:21430)
    at av (https://v2.leaddrivecrm.org/_next/static/chunks/3707b5060c442959.js:1:63258)
    at oY (https://v2.leaddrivecrm.org/_next/static/chunks/3707b5060c442959.js:1:83531)
    at io (https://v2.leaddrivecrm.org/_next/static/chunks/3707b5060c442959.js:1:94963)
    at sc (https://v2.leaddrivecrm.org/_next/static/chunks/3707b5060c442959.js:1:137984) @ https://v2.leaddrivecrm.org/_next/static/chunks/3073ed4e47d4d993.js:2
[    2644ms] [ERROR] p: MISSING_MESSAGE: emailTemplates.varMonth (ru)
    at c (https://v2.leaddrivecrm.org/_next/static/chunks/3073ed4e47d4d993.js:3:4743)
    at m (https://v2.leaddrivecrm.org/_next/static/chunks/3073ed4e47d4d993.js:3:4930)
    at f (https://v2.leaddrivecrm.org/_next/static/chunks/3073ed4e47d4d993.js:3:5389)
    at https://v2.leaddrivecrm.org/_next/static/chunks/3a476b296a2b41b2.js:1:21901
    at Array.map (<anonymous>)
    at T (https://v2.leaddrivecrm.org/_next/static/chunks/3a476b296a2b41b2.js:1:21430)
    at av (https://v2.leaddrivecrm.org/_next/static/chunks/3707b5060c442959.js:1:63258)
    at oY (https://v2.leaddrivecrm.org/_next/static/chunks/3707b5060c442959.js:1:83531)
    at io (https://v2.leaddrivecrm.org/_next/static/chunks/3707b5060c442959.js:1:94963)
    at sc (https://v2.leaddrivecrm.org/_next/static/chunks/3707b5060c442959.js:1:137984) @ https://v2.leaddrivecrm.org/_next/static/chunks/3073ed4e47d4d993.js:2
[    2644ms] [ERROR] p: MISSING_MESSAGE: emailTemplates.varYear (ru)
    at c (https://v2.leaddrivecrm.org/_next/static/chunks/3073ed4e47d4d993.js:3:4743)
    at m (https://v2.leaddrivecrm.org/_next/static/chunks/3073ed4e47d4d993.js:3:4930)
    at f (https://v2.leaddrivecrm.org/_next/static/chunks/3073ed4e47d4d993.js:3:5389)
    at https://v2.leaddrivecrm.org/_next/static/chunks/3a476b296a2b41b2.js:1:21901
    at Array.map (<anonymous>)
    at T (https://v2.leaddrivecrm.org/_next/static/chunks/3a476b296a2b41b2.js:1:21430)
    at av (https://v2.leaddrivecrm.org/_next/static/chunks/3707b5060c442959.js:1:63258)
    at oY (https://v2.leaddrivecrm.org/_next/static/chunks/3707b5060c442959.js:1:83531)
    at io (https://v2.leaddrivecrm.org/_next/static/chunks/3707b5060c442959.js:1:94963)
    at sc (https://v2.leaddrivecrm.org/_next/static/chunks/3707b5060c442959.js:1:137984) @ https://v2.leaddrivecrm.org/_next/static/chunks/3073ed4e47d4d993.js:2
[    2644ms] [ERROR] p: MISSING_MESSAGE: emailTemplates.editorPlaceholder (ru)
    at c (https://v2.leaddrivecrm.org/_next/static/chunks/3073ed4e47d4d993.js:3:4743)
    at m (https://v2.leaddrivecrm.org/_next/static/chunks/3073ed4e47d4d993.js:3:4930)
    at f (https://v2.leaddrivecrm.org/_next/static/chunks/3073ed4e47d4d993.js:3:5389)
    at T (https://v2.leaddrivecrm.org/_next/static/chunks/3a476b296a2b41b2.js:1:22199)
    at av (https://v2.leaddrivecrm.org/_next/static/chunks/3707b5060c442959.js:1:63258)
    at oY (https://v2.leaddrivecrm.org/_next/static/chunks/3707b5060c442959.js:1:83531)
    at io (https://v2.leaddrivecrm.org/_next/static/chunks/3707b5060c442959.js:1:94963)
    at sc (https://v2.leaddrivecrm.org/_next/static/chunks/3707b5060c442959.js:1:137984)
    at https://v2.leaddrivecrm.org/_next/static/chunks/3707b5060c442959.js:1:137829
    at ss (https://v2.leaddrivecrm.org/_next/static/chunks/3707b5060c442959.js:1:137837) @ https://v2.leaddrivecrm.org/_next/static/chunks/3073ed4e47d4d993.js:2
[    2645ms] [ERROR] p: MISSING_MESSAGE: emailTemplates.editorPlaceholder (ru)
    at c (https://v2.leaddrivecrm.org/_next/static/chunks/3073ed4e47d4d993.js:3:4743)
    at m (https://v2.leaddrivecrm.org/_next/static/chunks/3073ed4e47d4d993.js:3:4930)
    at f (https://v2.leaddrivecrm.org/_next/static/chunks/3073ed4e47d4d993.js:3:5389)
    at T (https://v2.leaddrivecrm.org/_next/static/chunks/3a476b296a2b41b2.js:1:22366)
    at av (https://v2.leaddrivecrm.org/_next/static/chunks/3707b5060c442959.js:1:63258)
    at oY (https://v2.leaddrivecrm.org/_next/static/chunks/3707b5060c442959.js:1:83531)
    at io (https://v2.leaddrivecrm.org/_next/static/chunks/3707b5060c442959.js:1:94963)
    at sc (https://v2.leaddrivecrm.org/_next/static/chunks/3707b5060c442959.js:1:137984)
    at https://v2.leaddrivecrm.org/_next/static/chunks/3707b5060c442959.js:1:137829
    at ss (https://v2.leaddrivecrm.org/_next/static/chunks/3707b5060c442959.js:1:137837) @ https://v2.leaddrivecrm.org/_next/static/chunks/3073ed4e47d4d993.js:2
[    2807ms] [ERROR] p: MISSING_MESSAGE: emailTemplates.editorHint (ru)
    at c (https://v2.leaddrivecrm.org/_next/static/chunks/3073ed4e47d4d993.js:3:4743)
    at m (https://v2.leaddrivecrm.org/_next/static/chunks/3073ed4e47d4d993.js:3:4930)
    at f (https://v2.leaddrivecrm.org/_next/static/chunks/3073ed4e47d4d993.js:3:5389)
    at T (https://v2.leaddrivecrm.org/_next/static/chunks/3a476b296a2b41b2.js:1:17094)
    at av (https://v2.leaddrivecrm.org/_next/static/chunks/3707b5060c442959.js:1:63258)
    at oY (https://v2.leaddrivecrm.org/_next/static/chunks/3707b5060c442959.js:1:83531)
    at io (https://v2.leaddrivecrm.org/_next/static/chunks/3707b5060c442959.js:1:94963)
    at sc (https://v2.leaddrivecrm.org/_next/static/chunks/3707b5060c442959.js:1:137984)
    at https://v2.leaddrivecrm.org/_next/static/chunks/3707b5060c442959.js:1:137829
    at ss (https://v2.leaddrivecrm.org/_next/static/chunks/3707b5060c442959.js:1:137837) @ https://v2.leaddrivecrm.org/_next/static/chunks/3073ed4e47d4d993.js:2
[    2808ms] [ERROR] p: MISSING_MESSAGE: emailTemplates.tabEditor (ru)
    at c (https://v2.leaddrivecrm.org/_next/static/chunks/3073ed4e47d4d993.js:3:4743)
    at m (https://v2.leaddrivecrm.org/_next/static/chunks/3073ed4e47d4d993.js:3:4930)
    at f (https://v2.leaddrivecrm.org/_next/static/chunks/3073ed4e47d4d993.js:3:5389)
    at T (https://v2.leaddrivecrm.org/_next/static/chunks/3a476b296a2b41b2.js:1:17442)
    at av (https://v2.leaddrivecrm.org/_next/static/chunks/3707b5060c442959.js:1:63258)
    at oY (https://v2.leaddrivecrm.org/_next/static/chunks/3707b5060c442959.js:1:83531)
    at io (https://v2.leaddrivecrm.org/_next/static/chunks/3707b5060c442959.js:1:94963)
    at sc (https://v2.leaddrivecrm.org/_next/static/chunks/3707b5060c442959.js:1:137984)
    at https://v2.leaddrivecrm.org/_next/static/chunks/3707b5060c442959.js:1:137829
    at ss (https://v2.leaddrivecrm.org/_next/static/chunks/3707b5060c442959.js:1:137837) @ https://v2.leaddrivecrm.org/_next/static/chunks/3073ed4e47d4d993.js:2
[    2809ms] [ERROR] p: MISSING_MESSAGE: emailTemplates.tabPreview (ru)
    at c (https://v2.leaddrivecrm.org/_next/static/chunks/3073ed4e47d4d993.js:3:4743)
    at m (https://v2.leaddrivecrm.org/_next/static/chunks/3073ed4e47d4d993.js:3:4930)
    at f (https://v2.leaddrivecrm.org/_next/static/chunks/3073ed4e47d4d993.js:3:5389)
    at T (https://v2.leaddrivecrm.org/_next/static/chunks/3a476b296a2b41b2.js:1:17733)
    at av (https://v2.leaddrivecrm.org/_next/static/chunks/3707b5060c442959.js:1:63258)
    at oY (https://v2.leaddrivecrm.org/_next/static/chunks/3707b5060c442959.js:1:83531)
    at io (https://v2.leaddrivecrm.org/_next/static/chunks/3707b5060c442959.js:1:94963)
    at sc (https://v2.leaddrivecrm.org/_next/static/chunks/3707b5060c442959.js:1:137984)
    at https://v2.leaddrivecrm.org/_next/static/chunks/3707b5060c442959.js:1:137829
    at ss (https://v2.leaddrivecrm.org/_next/static/chunks/3707b5060c442959.js:1:137837) @ https://v2.leaddrivecrm.org/_next/static/chunks/3073ed4e47d4d993.js:2
[    2809ms] [ERROR] p: MISSING_MESSAGE: emailTemplates.fontSize (ru)
    at c (https://v2.leaddrivecrm.org/_next/static/chunks/3073ed4e47d4d993.js:3:4743)
    at m (https://v2.leaddrivecrm.org/_next/static/chunks/3073ed4e47d4d993.js:3:4930)
    at f (https://v2.leaddrivecrm.org/_next/static/chunks/3073ed4e47d4d993.js:3:5389)
    at T (https://v2.leaddrivecrm.org/_next/static/chunks/3a476b296a2b41b2.js:1:19125)
    at av (https://v2.leaddrivecrm.org/_next/static/chunks/3707b5060c442959.js:1:63258)
    at oY (https://v2.leaddrivecrm.org/_next/static/chunks/3707b5060c442959.js:1:83531)
    at io (https://v2.leaddrivecrm.org/_next/static/chunks/3707b5060c442959.js:1:94963)
    at sc (https://v2.leaddrivecrm.org/_next/static/chunks/3707b5060c442959.js:1:137984)
    at https://v2.leaddrivecrm.org/_next/static/chunks/3707b5060c442959.js:1:137829
    at ss (https://v2.leaddrivecrm.org/_next/static/chunks/3707b5060c442959.js:1:137837) @ https://v2.leaddrivecrm.org/_next/static/chunks/3073ed4e47d4d993.js:2
[    2809ms] [ERROR] p: MISSING_MESSAGE: emailTemplates.fontSmall (ru)
    at c (https://v2.leaddrivecrm.org/_next/static/chunks/3073ed4e47d4d993.js:3:4743)
    at m (https://v2.leaddrivecrm.org/_next/static/chunks/3073ed4e47d4d993.js:3:4930)
    at f (https://v2.leaddrivecrm.org/_next/static/chunks/3073ed4e47d4d993.js:3:5389)
    at T (https://v2.leaddrivecrm.org/_next/static/chunks/3a476b296a2b41b2.js:1:19180)
    at av (https://v2.leaddrivecrm.org/_next/static/chunks/3707b5060c442959.js:1:63258)
    at oY (https://v2.leaddrivecrm.org/_next/static/chunks/3707b5060c442959.js:1:83531)
    at io (https://v2.leaddrivecrm.org/_next/static/chunks/3707b5060c442959.js:1:94963)
    at sc (https://v2.leaddrivecrm.org/_next/static/chunks/3707b5060c442959.js:1:137984)
    at https://v2.leaddrivecrm.org/_next/static/chunks/3707b5060c442959.js:1:137829
    at ss (https://v2.leaddrivecrm.org/_next/static/chunks/3707b5060c442959.js:1:137837) @ https://v2.leaddrivecrm.org/_next/static/chunks/3073ed4e47d4d993.js:2
[    2810ms] [ERROR] p: MISSING_MESSAGE: emailTemplates.fontNormal (ru)
    at c (https://v2.leaddrivecrm.org/_next/static/chunks/3073ed4e47d4d993.js:3:4743)
    at m (https://v2.leaddrivecrm.org/_next/static/chunks/3073ed4e47d4d993.js:3:4930)
    at f (https://v2.leaddrivecrm.org/_next/static/chunks/3073ed4e47d4d993.js:3:5389)
    at T (https://v2.leaddrivecrm.org/_next/static/chunks/3a476b296a2b41b2.js:1:19236)
    at av (https://v2.leaddrivecrm.org/_next/static/chunks/3707b5060c442959.js:1:63258)
    at oY (https://v2.leaddrivecrm.org/_next/static/chunks/3707b5060c442959.js:1:83531)
    at io (https://v2.leaddrivecrm.org/_next/static/chunks/3707b5060c442959.js:1:94963)
    at sc (https://v2.leaddrivecrm.org/_next/static/chunks/3707b5060c442959.js:1:137984)
    at https://v2.leaddrivecrm.org/_next/static/chunks/3707b5060c442959.js:1:137829
    at ss (https://v2.leaddrivecrm.org/_next/static/chunks/3707b5060c442959.js:1:137837) @ https://v2.leaddrivecrm.org/_next/static/chunks/3073ed4e47d4d993.js:2
[    2810ms] [ERROR] p: MISSING_MESSAGE: emailTemplates.fontLarge (ru)
    at c (https://v2.leaddrivecrm.org/_next/static/chunks/3073ed4e47d4d993.js:3:4743)
    at m (https://v2.leaddrivecrm.org/_next/static/chunks/3073ed4e47d4d993.js:3:4930)
    at f (https://v2.leaddrivecrm.org/_next/static/chunks/3073ed4e47d4d993.js:3:5389)
    at T (https://v2.leaddrivecrm.org/_next/static/chunks/3a476b296a2b41b2.js:1:19293)
    at av (https://v2.leaddrivecrm.org/_next/static/chunks/3707b5060c442959.js:1:63258)
    at oY (https://v2.leaddrivecrm.org/_next/static/chunks/3707b5060c442959.js:1:83531)
    at io (https://v2.leaddrivecrm.org/_next/static/chunks/3707b5060c442959.js:1:94963)
    at sc (https://v2.leaddrivecrm.org/_next/static/chunks/3707b5060c442959.js:1:137984)
    at https://v2.leaddrivecrm.org/_next/static/chunks/3707b5060c442959.js:1:137829
    at ss (https://v2.leaddrivecrm.org/_next/static/chunks/3707b5060c442959.js:1:137837) @ https://v2.leaddrivecrm.org/_next/static/chunks/3073ed4e47d4d993.js:2
[    2810ms] [ERROR] p: MISSING_MESSAGE: emailTemplates.fontHeading (ru)
    at c (https://v2.leaddrivecrm.org/_next/static/chunks/3073ed4e47d4d993.js:3:4743)
    at m (https://v2.leaddrivecrm.org/_next/static/chunks/3073ed4e47d4d993.js:3:4930)
    at f (https://v2.leaddrivecrm.org/_next/static/chunks/3073ed4e47d4d993.js:3:5389)
    at T (https://v2.leaddrivecrm.org/_next/static/chunks/3a476b296a2b41b2.js:1:19349)
    at av (https://v2.leaddrivecrm.org/_next/static/chunks/3707b5060c442959.js:1:63258)
    at oY (https://v2.leaddrivecrm.org/_next/static/chunks/3707b5060c442959.js:1:83531)
    at io (https://v2.leaddrivecrm.org/_next/static/chunks/3707b5060c442959.js:1:94963)
    at sc (https://v2.leaddrivecrm.org/_next/static/chunks/3707b5060c442959.js:1:137984)
    at https://v2.leaddrivecrm.org/_next/static/chunks/3707b5060c442959.js:1:137829
    at ss (https://v2.leaddrivecrm.org/_next/static/chunks/3707b5060c442959.js:1:137837) @ https://v2.leaddrivecrm.org/_next/static/chunks/3073ed4e47d4d993.js:2
[    2811ms] [ERROR] p: MISSING_MESSAGE: emailTemplates.textColor (ru)
    at c (https://v2.leaddrivecrm.org/_next/static/chunks/3073ed4e47d4d993.js:3:4743)
    at m (https://v2.leaddrivecrm.org/_next/static/chunks/3073ed4e47d4d993.js:3:4930)
    at f (https://v2.leaddrivecrm.org/_next/static/chunks/3073ed4e47d4d993.js:3:5389)
    at T (https://v2.leaddrivecrm.org/_next/static/chunks/3a476b296a2b41b2.js:1:19459)
    at av (https://v2.leaddrivecrm.org/_next/static/chunks/3707b5060c442959.js:1:63258)
    at oY (https://v2.leaddrivecrm.org/_next/static/chunks/3707b5060c442959.js:1:83531)
    at io (https://v2.leaddrivecrm.org/_next/static/chunks/3707b5060c442959.js:1:94963)
    at sc (https://v2.leaddrivecrm.org/_next/static/chunks/3707b5060c442959.js:1:137984)
    at https://v2.leaddrivecrm.org/_next/static/chunks/3707b5060c442959.js:1:137829
    at ss (https://v2.leaddrivecrm.org/_next/static/chunks/3707b5060c442959.js:1:137837) @ https://v2.leaddrivecrm.org/_next/static/chunks/3073ed4e47d4d993.js:2
[    2811ms] [ERROR] p: MISSING_MESSAGE: emailTemplates.clientData (ru)
    at c (https://v2.leaddrivecrm.org/_next/static/chunks/3073ed4e47d4d993.js:3:4743)
    at m (https://v2.leaddrivecrm.org/_next/static/chunks/3073ed4e47d4d993.js:3:4930)
    at f (https://v2.leaddrivecrm.org/_next/static/chunks/3073ed4e47d4d993.js:3:5389)
    at T (https://v2.leaddrivecrm.org/_next/static/chunks/3a476b296a2b41b2.js:1:21405)
    at av (https://v2.leaddrivecrm.org/_next/static/chunks/3707b5060c442959.js:1:63258)
    at oY (https://v2.leaddrivecrm.org/_next/static/chunks/3707b5060c442959.js:1:83531)
    at io (https://v2.leaddrivecrm.org/_next/static/chunks/3707b5060c442959.js:1:94963)
    at sc (https://v2.leaddrivecrm.org/_next/static/chunks/3707b5060c442959.js:1:137984)
    at https://v2.leaddrivecrm.org/_next/static/chunks/3707b5060c442959.js:1:137829
    at ss (https://v2.leaddrivecrm.org/_next/static/chunks/3707b5060c442959.js:1:137837) @ https://v2.leaddrivecrm.org/_next/static/chunks/3073ed4e47d4d993.js:2
[    2812ms] [ERROR] p: MISSING_MESSAGE: emailTemplates.varClientName (ru)
    at c (https://v2.leaddrivecrm.org/_next/static/chunks/3073ed4e47d4d993.js:3:4743)
    at m (https://v2.leaddrivecrm.org/_next/static/chunks/3073ed4e47d4d993.js:3:4930)
    at f (https://v2.leaddrivecrm.org/_next/static/chunks/3073ed4e47d4d993.js:3:5389)
    at https://v2.leaddrivecrm.org/_next/static/chunks/3a476b296a2b41b2.js:1:21901
    at Array.map (<anonymous>)
    at T (https://v2.leaddrivecrm.org/_next/static/chunks/3a476b296a2b41b2.js:1:21430)
    at av (https://v2.leaddrivecrm.org/_next/static/chunks/3707b5060c442959.js:1:63258)
    at oY (https://v2.leaddrivecrm.org/_next/static/chunks/3707b5060c442959.js:1:83531)
    at io (https://v2.leaddrivecrm.org/_next/static/chunks/3707b5060c442959.js:1:94963)
    at sc (https://v2.leaddrivecrm.org/_next/static/chunks/3707b5060c442959.js:1:137984) @ https://v2.leaddrivecrm.org/_next/static/chunks/3073ed4e47d4d993.js:2
[    2812ms] [ERROR] p: MISSING_MESSAGE: emailTemplates.varClientEmail (ru)
    at c (https://v2.leaddrivecrm.org/_next/static/chunks/3073ed4e47d4d993.js:3:4743)
    at m (https://v2.leaddrivecrm.org/_next/static/chunks/3073ed4e47d4d993.js:3:4930)
    at f (https://v2.leaddrivecrm.org/_next/static/chunks/3073ed4e47d4d993.js:3:5389)
    at https://v2.leaddrivecrm.org/_next/static/chunks/3a476b296a2b41b2.js:1:21901
    at Array.map (<anonymous>)
    at T (https://v2.leaddrivecrm.org/_next/static/chunks/3a476b296a2b41b2.js:1:21430)
    at av (https://v2.leaddrivecrm.org/_next/static/chunks/3707b5060c442959.js:1:63258)
    at oY (https://v2.leaddrivecrm.org/_next/static/chunks/3707b5060c442959.js:1:83531)
    at io (https://v2.leaddrivecrm.org/_next/static/chunks/3707b5060c442959.js:1:94963)
    at sc (https://v2.leaddrivecrm.org/_next/static/chunks/3707b5060c442959.js:1:137984) @ https://v2.leaddrivecrm.org/_next/static/chunks/3073ed4e47d4d993.js:2
[    2812ms] [ERROR] p: MISSING_MESSAGE: emailTemplates.varCompany (ru)
    at c (https://v2.leaddrivecrm.org/_next/static/chunks/3073ed4e47d4d993.js:3:4743)
    at m (https://v2.leaddrivecrm.org/_next/static/chunks/3073ed4e47d4d993.js:3:4930)
    at f (https://v2.leaddrivecrm.org/_next/static/chunks/3073ed4e47d4d993.js:3:5389)
    at https://v2.leaddrivecrm.org/_next/static/chunks/3a476b296a2b41b2.js:1:21901
    at Array.map (<anonymous>)
    at T (https://v2.leaddrivecrm.org/_next/static/chunks/3a476b296a2b41b2.js:1:21430)
    at av (https://v2.leaddrivecrm.org/_next/static/chunks/3707b5060c442959.js:1:63258)
    at oY (https://v2.leaddrivecrm.org/_next/static/chunks/3707b5060c442959.js:1:83531)
    at io (https://v2.leaddrivecrm.org/_next/static/chunks/3707b5060c442959.js:1:94963)
    at sc (https://v2.leaddrivecrm.org/_next/static/chunks/3707b5060c442959.js:1:137984) @ https://v2.leaddrivecrm.org/_next/static/chunks/3073ed4e47d4d993.js:2
[    2812ms] [ERROR] p: MISSING_MESSAGE: emailTemplates.varService (ru)
    at c (https://v2.leaddrivecrm.org/_next/static/chunks/3073ed4e47d4d993.js:3:4743)
    at m (https://v2.leaddrivecrm.org/_next/static/chunks/3073ed4e47d4d993.js:3:4930)
    at f (https://v2.leaddrivecrm.org/_next/static/chunks/3073ed4e47d4d993.js:3:5389)
    at https://v2.leaddrivecrm.org/_next/static/chunks/3a476b296a2b41b2.js:1:21901
    at Array.map (<anonymous>)
    at T (https://v2.leaddrivecrm.org/_next/static/chunks/3a476b296a2b41b2.js:1:21430)
    at av (https://v2.leaddrivecrm.org/_next/static/chunks/3707b5060c442959.js:1:63258)
    at oY (https://v2.leaddrivecrm.org/_next/static/chunks/3707b5060c442959.js:1:83531)
    at io (https://v2.leaddrivecrm.org/_next/static/chunks/3707b5060c442959.js:1:94963)
    at sc (https://v2.leaddrivecrm.org/_next/static/chunks/3707b5060c442959.js:1:137984) @ https://v2.leaddrivecrm.org/_next/static/chunks/3073ed4e47d4d993.js:2
[    2813ms] [ERROR] p: MISSING_MESSAGE: emailTemplates.varNewServices (ru)
    at c (https://v2.leaddrivecrm.org/_next/static/chunks/3073ed4e47d4d993.js:3:4743)
    at m (https://v2.leaddrivecrm.org/_next/static/chunks/3073ed4e47d4d993.js:3:4930)
    at f (https://v2.leaddrivecrm.org/_next/static/chunks/3073ed4e47d4d993.js:3:5389)
    at https://v2.leaddrivecrm.org/_next/static/chunks/3a476b296a2b41b2.js:1:21901
    at Array.map (<anonymous>)
    at T (https://v2.leaddrivecrm.org/_next/static/chunks/3a476b296a2b41b2.js:1:21430)
    at av (https://v2.leaddrivecrm.org/_next/static/chunks/3707b5060c442959.js:1:63258)
    at oY (https://v2.leaddrivecrm.org/_next/static/chunks/3707b5060c442959.js:1:83531)
    at io (https://v2.leaddrivecrm.org/_next/static/chunks/3707b5060c442959.js:1:94963)
    at sc (https://v2.leaddrivecrm.org/_next/static/chunks/3707b5060c442959.js:1:137984) @ https://v2.leaddrivecrm.org/_next/static/chunks/3073ed4e47d4d993.js:2
[    2813ms] [ERROR] p: MISSING_MESSAGE: emailTemplates.varImprovements (ru)
    at c (https://v2.leaddrivecrm.org/_next/static/chunks/3073ed4e47d4d993.js:3:4743)
    at m (https://v2.leaddrivecrm.org/_next/static/chunks/3073ed4e47d4d993.js:3:4930)
    at f (https://v2.leaddrivecrm.org/_next/static/chunks/3073ed4e47d4d993.js:3:5389)
    at https://v2.leaddrivecrm.org/_next/static/chunks/3a476b296a2b41b2.js:1:21901
    at Array.map (<anonymous>)
    at T (https://v2.leaddrivecrm.org/_next/static/chunks/3a476b296a2b41b2.js:1:21430)
    at av (https://v2.leaddrivecrm.org/_next/static/chunks/3707b5060c442959.js:1:63258)
    at oY (https://v2.leaddrivecrm.org/_next/static/chunks/3707b5060c442959.js:1:83531)
    at io (https://v2.leaddrivecrm.org/_next/static/chunks/3707b5060c442959.js:1:94963)
    at sc (https://v2.leaddrivecrm.org/_next/static/chunks/3707b5060c442959.js:1:137984) @ https://v2.leaddrivecrm.org/_next/static/chunks/3073ed4e47d4d993.js:2
[    2813ms] [ERROR] p: MISSING_MESSAGE: emailTemplates.varUpcoming (ru)
    at c (https://v2.leaddrivecrm.org/_next/static/chunks/3073ed4e47d4d993.js:3:4743)
    at m (https://v2.leaddrivecrm.org/_next/static/chunks/3073ed4e47d4d993.js:3:4930)
    at f (https://v2.leaddrivecrm.org/_next/static/chunks/3073ed4e47d4d993.js:3:5389)
    at https://v2.leaddrivecrm.org/_next/static/chunks/3a476b296a2b41b2.js:1:21901
    at Array.map (<anonymous>)
    at T (https://v2.leaddrivecrm.org/_next/static/chunks/3a476b296a2b41b2.js:1:21430)
    at av (https://v2.leaddrivecrm.org/_next/static/chunks/3707b5060c442959.js:1:63258)
    at oY (https://v2.leaddrivecrm.org/_next/static/chunks/3707b5060c442959.js:1:83531)
    at io (https://v2.leaddrivecrm.org/_next/static/chunks/3707b5060c442959.js:1:94963)
    at sc (https://v2.leaddrivecrm.org/_next/static/chunks/3707b5060c442959.js:1:137984) @ https://v2.leaddrivecrm.org/_next/static/chunks/3073ed4e47d4d993.js:2
[    2813ms] [ERROR] p: MISSING_MESSAGE: emailTemplates.varDate (ru)
    at c (https://v2.leaddrivecrm.org/_next/static/chunks/3073ed4e47d4d993.js:3:4743)
    at m (https://v2.leaddrivecrm.org/_next/static/chunks/3073ed4e47d4d993.js:3:4930)
    at f (https://v2.leaddrivecrm.org/_next/static/chunks/3073ed4e47d4d993.js:3:5389)
    at https://v2.leaddrivecrm.org/_next/static/chunks/3a476b296a2b41b2.js:1:21901
    at Array.map (<anonymous>)
    at T (https://v2.leaddrivecrm.org/_next/static/chunks/3a476b296a2b41b2.js:1:21430)
    at av (https://v2.leaddrivecrm.org/_next/static/chunks/3707b5060c442959.js:1:63258)
    at oY (https://v2.leaddrivecrm.org/_next/static/chunks/3707b5060c442959.js:1:83531)
    at io (https://v2.leaddrivecrm.org/_next/static/chunks/3707b5060c442959.js:1:94963)
    at sc (https://v2.leaddrivecrm.org/_next/static/chunks/3707b5060c442959.js:1:137984) @ https://v2.leaddrivecrm.org/_next/static/chunks/3073ed4e47d4d993.js:2
[    2814ms] [ERROR] p: MISSING_MESSAGE: emailTemplates.varMonth (ru)
    at c (https://v2.leaddrivecrm.org/_next/static/chunks/3073ed4e47d4d993.js:3:4743)
    at m (https://v2.leaddrivecrm.org/_next/static/chunks/3073ed4e47d4d993.js:3:4930)
    at f (https://v2.leaddrivecrm.org/_next/static/chunks/3073ed4e47d4d993.js:3:5389)
    at https://v2.leaddrivecrm.org/_next/static/chunks/3a476b296a2b41b2.js:1:21901
    at Array.map (<anonymous>)
    at T (https://v2.leaddrivecrm.org/_next/static/chunks/3a476b296a2b41b2.js:1:21430)
    at av (https://v2.leaddrivecrm.org/_next/static/chunks/3707b5060c442959.js:1:63258)
    at oY (https://v2.leaddrivecrm.org/_next/static/chunks/3707b5060c442959.js:1:83531)
    at io (https://v2.leaddrivecrm.org/_next/static/chunks/3707b5060c442959.js:1:94963)
    at sc (https://v2.leaddrivecrm.org/_next/static/chunks/3707b5060c442959.js:1:137984) @ https://v2.leaddrivecrm.org/_next/static/chunks/3073ed4e47d4d993.js:2
[    2814ms] [ERROR] p: MISSING_MESSAGE: emailTemplates.varYear (ru)
    at c (https://v2.leaddrivecrm.org/_next/static/chunks/3073ed4e47d4d993.js:3:4743)
    at m (https://v2.leaddrivecrm.org/_next/static/chunks/3073ed4e47d4d993.js:3:4930)
    at f (https://v2.leaddrivecrm.org/_next/static/chunks/3073ed4e47d4d993.js:3:5389)
    at https://v2.leaddrivecrm.org/_next/static/chunks/3a476b296a2b41b2.js:1:21901
    at Array.map (<anonymous>)
    at T (https://v2.leaddrivecrm.org/_next/static/chunks/3a476b296a2b41b2.js:1:21430)
    at av (https://v2.leaddrivecrm.org/_next/static/chunks/3707b5060c442959.js:1:63258)
    at oY (https://v2.leaddrivecrm.org/_next/static/chunks/3707b5060c442959.js:1:83531)
    at io (https://v2.leaddrivecrm.org/_next/static/chunks/3707b5060c442959.js:1:94963)
    at sc (https://v2.leaddrivecrm.org/_next/static/chunks/3707b5060c442959.js:1:137984) @ https://v2.leaddrivecrm.org/_next/static/chunks/3073ed4e47d4d993.js:2
[    2814ms] [ERROR] p: MISSING_MESSAGE: emailTemplates.editorPlaceholder (ru)
    at c (https://v2.leaddrivecrm.org/_next/static/chunks/3073ed4e47d4d993.js:3:4743)
    at m (https://v2.leaddrivecrm.org/_next/static/chunks/3073ed4e47d4d993.js:3:4930)
    at f (https://v2.leaddrivecrm.org/_next/static/chunks/3073ed4e47d4d993.js:3:5389)
    at T (https://v2.leaddrivecrm.org/_next/static/chunks/3a476b296a2b41b2.js:1:22199)
    at av (https://v2.leaddrivecrm.org/_next/static/chunks/3707b5060c442959.js:1:63258)
    at oY (https://v2.leaddrivecrm.org/_next/static/chunks/3707b5060c442959.js:1:83531)
    at io (https://v2.leaddrivecrm.org/_next/static/chunks/3707b5060c442959.js:1:94963)
    at sc (https://v2.leaddrivecrm.org/_next/static/chunks/3707b5060c442959.js:1:137984)
    at https://v2.leaddrivecrm.org/_next/static/chunks/3707b5060c442959.js:1:137829
    at ss (https://v2.leaddrivecrm.org/_next/static/chunks/3707b5060c442959.js:1:137837) @ https://v2.leaddrivecrm.org/_next/static/chunks/3073ed4e47d4d993.js:2
[    2814ms] [ERROR] p: MISSING_MESSAGE: emailTemplates.editorPlaceholder (ru)
    at c (https://v2.leaddrivecrm.org/_next/static/chunks/3073ed4e47d4d993.js:3:4743)
    at m (https://v2.leaddrivecrm.org/_next/static/chunks/3073ed4e47d4d993.js:3:4930)
    at f (https://v2.leaddrivecrm.org/_next/static/chunks/3073ed4e47d4d993.js:3:5389)
    at T (https://v2.leaddrivecrm.org/_next/static/chunks/3a476b296a2b41b2.js:1:22366)
    at av (https://v2.leaddrivecrm.org/_next/static/chunks/3707b5060c442959.js:1:63258)
    at oY (https://v2.leaddrivecrm.org/_next/static/chunks/3707b5060c442959.js:1:83531)
    at io (https://v2.leaddrivecrm.org/_next/static/chunks/3707b5060c442959.js:1:94963)
    at sc (https://v2.leaddrivecrm.org/_next/static/chunks/3707b5060c442959.js:1:137984)
    at https://v2.leaddrivecrm.org/_next/static/chunks/3707b5060c442959.js:1:137829
    at ss (https://v2.leaddrivecrm.org/_next/static/chunks/3707b5060c442959.js:1:137837) @ https://v2.leaddrivecrm.org/_next/static/chunks/3073ed4e47d4d993.js:2
[    2968ms] [ERROR] p: MISSING_MESSAGE: emailTemplates.editorHint (ru)
    at c (https://v2.leaddrivecrm.org/_next/static/chunks/3073ed4e47d4d993.js:3:4743)
    at m (https://v2.leaddrivecrm.org/_next/static/chunks/3073ed4e47d4d993.js:3:4930)
    at f (https://v2.leaddrivecrm.org/_next/static/chunks/3073ed4e47d4d993.js:3:5389)
    at T (https://v2.leaddrivecrm.org/_next/static/chunks/3a476b296a2b41b2.js:1:17094)
    at av (https://v2.leaddrivecrm.org/_next/static/chunks/3707b5060c442959.js:1:63258)
    at oY (https://v2.leaddrivecrm.org/_next/static/chunks/3707b5060c442959.js:1:83531)
    at io (https://v2.leaddrivecrm.org/_next/static/chunks/3707b5060c442959.js:1:94963)
    at sc (https://v2.leaddrivecrm.org/_next/static/chunks/3707b5060c442959.js:1:137984)
    at https://v2.leaddrivecrm.org/_next/static/chunks/3707b5060c442959.js:1:137829
    at ss (https://v2.leaddrivecrm.org/_next/static/chunks/3707b5060c442959.js:1:137837) @ https://v2.leaddrivecrm.org/_next/static/chunks/3073ed4e47d4d993.js:2
[    2968ms] [ERROR] p: MISSING_MESSAGE: emailTemplates.tabEditor (ru)
    at c (https://v2.leaddrivecrm.org/_next/static/chunks/3073ed4e47d4d993.js:3:4743)
    at m (https://v2.leaddrivecrm.org/_next/static/chunks/3073ed4e47d4d993.js:3:4930)
    at f (https://v2.leaddrivecrm.org/_next/static/chunks/3073ed4e47d4d993.js:3:5389)
    at T (https://v2.leaddrivecrm.org/_next/static/chunks/3a476b296a2b41b2.js:1:17442)
    at av (https://v2.leaddrivecrm.org/_next/static/chunks/3707b5060c442959.js:1:63258)
    at oY (https://v2.leaddrivecrm.org/_next/static/chunks/3707b5060c442959.js:1:83531)
    at io (https://v2.leaddrivecrm.org/_next/static/chunks/3707b5060c442959.js:1:94963)
    at sc (https://v2.leaddrivecrm.org/_next/static/chunks/3707b5060c442959.js:1:137984)
    at https://v2.leaddrivecrm.org/_next/static/chunks/3707b5060c442959.js:1:137829
    at ss (https://v2.leaddrivecrm.org/_next/static/chunks/3707b5060c442959.js:1:137837) @ https://v2.leaddrivecrm.org/_next/static/chunks/3073ed4e47d4d993.js:2
[    2968ms] [ERROR] p: MISSING_MESSAGE: emailTemplates.tabPreview (ru)
    at c (https://v2.leaddrivecrm.org/_next/static/chunks/3073ed4e47d4d993.js:3:4743)
    at m (https://v2.leaddrivecrm.org/_next/static/chunks/3073ed4e47d4d993.js:3:4930)
    at f (https://v2.leaddrivecrm.org/_next/static/chunks/3073ed4e47d4d993.js:3:5389)
    at T (https://v2.leaddrivecrm.org/_next/static/chunks/3a476b296a2b41b2.js:1:17733)
    at av (https://v2.leaddrivecrm.org/_next/static/chunks/3707b5060c442959.js:1:63258)
    at oY (https://v2.leaddrivecrm.org/_next/static/chunks/3707b5060c442959.js:1:83531)
    at io (https://v2.leaddrivecrm.org/_next/static/chunks/3707b5060c442959.js:1:94963)
    at sc (https://v2.leaddrivecrm.org/_next/static/chunks/3707b5060c442959.js:1:137984)
    at https://v2.leaddrivecrm.org/_next/static/chunks/3707b5060c442959.js:1:137829
    at ss (https://v2.leaddrivecrm.org/_next/static/chunks/3707b5060c442959.js:1:137837) @ https://v2.leaddrivecrm.org/_next/static/chunks/3073ed4e47d4d993.js:2
[    2969ms] [ERROR] p: MISSING_MESSAGE: emailTemplates.fontSize (ru)
    at c (https://v2.leaddrivecrm.org/_next/static/chunks/3073ed4e47d4d993.js:3:4743)
    at m (https://v2.leaddrivecrm.org/_next/static/chunks/3073ed4e47d4d993.js:3:4930)
    at f (https://v2.leaddrivecrm.org/_next/static/chunks/3073ed4e47d4d993.js:3:5389)
    at T (https://v2.leaddrivecrm.org/_next/static/chunks/3a476b296a2b41b2.js:1:19125)
    at av (https://v2.leaddrivecrm.org/_next/static/chunks/3707b5060c442959.js:1:63258)
    at oY (https://v2.leaddrivecrm.org/_next/static/chunks/3707b5060c442959.js:1:83531)
    at io (https://v2.leaddrivecrm.org/_next/static/chunks/3707b5060c442959.js:1:94963)
    at sc (https://v2.leaddrivecrm.org/_next/static/chunks/3707b5060c442959.js:1:137984)
    at https://v2.leaddrivecrm.org/_next/static/chunks/3707b5060c442959.js:1:137829
    at ss (https://v2.leaddrivecrm.org/_next/static/chunks/3707b5060c442959.js:1:137837) @ https://v2.leaddrivecrm.org/_next/static/chunks/3073ed4e47d4d993.js:2
[    2969ms] [ERROR] p: MISSING_MESSAGE: emailTemplates.fontSmall (ru)
    at c (https://v2.leaddrivecrm.org/_next/static/chunks/3073ed4e47d4d993.js:3:4743)
    at m (https://v2.leaddrivecrm.org/_next/static/chunks/3073ed4e47d4d993.js:3:4930)
    at f (https://v2.leaddrivecrm.org/_next/static/chunks/3073ed4e47d4d993.js:3:5389)
    at T (https://v2.leaddrivecrm.org/_next/static/chunks/3a476b296a2b41b2.js:1:19180)
    at av (https://v2.leaddrivecrm.org/_next/static/chunks/3707b5060c442959.js:1:63258)
    at oY (https://v2.leaddrivecrm.org/_next/static/chunks/3707b5060c442959.js:1:83531)
    at io (https://v2.leaddrivecrm.org/_next/static/chunks/3707b5060c442959.js:1:94963)
    at sc (https://v2.leaddrivecrm.org/_next/static/chunks/3707b5060c442959.js:1:137984)
    at https://v2.leaddrivecrm.org/_next/static/chunks/3707b5060c442959.js:1:137829
    at ss (https://v2.leaddrivecrm.org/_next/static/chunks/3707b5060c442959.js:1:137837) @ https://v2.leaddrivecrm.org/_next/static/chunks/3073ed4e47d4d993.js:2
[    2969ms] [ERROR] p: MISSING_MESSAGE: emailTemplates.fontNormal (ru)
    at c (https://v2.leaddrivecrm.org/_next/static/chunks/3073ed4e47d4d993.js:3:4743)
    at m (https://v2.leaddrivecrm.org/_next/static/chunks/3073ed4e47d4d993.js:3:4930)
    at f (https://v2.leaddrivecrm.org/_next/static/chunks/3073ed4e47d4d993.js:3:5389)
    at T (https://v2.leaddrivecrm.org/_next/static/chunks/3a476b296a2b41b2.js:1:19236)
    at av (https://v2.leaddrivecrm.org/_next/static/chunks/3707b5060c442959.js:1:63258)
    at oY (https://v2.leaddrivecrm.org/_next/static/chunks/3707b5060c442959.js:1:83531)
    at io (https://v2.leaddrivecrm.org/_next/static/chunks/3707b5060c442959.js:1:94963)
    at sc (https://v2.leaddrivecrm.org/_next/static/chunks/3707b5060c442959.js:1:137984)
    at https://v2.leaddrivecrm.org/_next/static/chunks/3707b5060c442959.js:1:137829
    at ss (https://v2.leaddrivecrm.org/_next/static/chunks/3707b5060c442959.js:1:137837) @ https://v2.leaddrivecrm.org/_next/static/chunks/3073ed4e47d4d993.js:2
[    2969ms] [ERROR] p: MISSING_MESSAGE: emailTemplates.fontLarge (ru)
    at c (https://v2.leaddrivecrm.org/_next/static/chunks/3073ed4e47d4d993.js:3:4743)
    at m (https://v2.leaddrivecrm.org/_next/static/chunks/3073ed4e47d4d993.js:3:4930)
    at f (https://v2.leaddrivecrm.org/_next/static/chunks/3073ed4e47d4d993.js:3:5389)
    at T (https://v2.leaddrivecrm.org/_next/static/chunks/3a476b296a2b41b2.js:1:19293)
    at av (https://v2.leaddrivecrm.org/_next/static/chunks/3707b5060c442959.js:1:63258)
    at oY (https://v2.leaddrivecrm.org/_next/static/chunks/3707b5060c442959.js:1:83531)
    at io (https://v2.leaddrivecrm.org/_next/static/chunks/3707b5060c442959.js:1:94963)
    at sc (https://v2.leaddrivecrm.org/_next/static/chunks/3707b5060c442959.js:1:137984)
    at https://v2.leaddrivecrm.org/_next/static/chunks/3707b5060c442959.js:1:137829
    at ss (https://v2.leaddrivecrm.org/_next/static/chunks/3707b5060c442959.js:1:137837) @ https://v2.leaddrivecrm.org/_next/static/chunks/3073ed4e47d4d993.js:2
[    2969ms] [ERROR] p: MISSING_MESSAGE: emailTemplates.fontHeading (ru)
    at c (https://v2.leaddrivecrm.org/_next/static/chunks/3073ed4e47d4d993.js:3:4743)
    at m (https://v2.leaddrivecrm.org/_next/static/chunks/3073ed4e47d4d993.js:3:4930)
    at f (https://v2.leaddrivecrm.org/_next/static/chunks/3073ed4e47d4d993.js:3:5389)
    at T (https://v2.leaddrivecrm.org/_next/static/chunks/3a476b296a2b41b2.js:1:19349)
    at av (https://v2.leaddrivecrm.org/_next/static/chunks/3707b5060c442959.js:1:63258)
    at oY (https://v2.leaddrivecrm.org/_next/static/chunks/3707b5060c442959.js:1:83531)
    at io (https://v2.leaddrivecrm.org/_next/static/chunks/3707b5060c442959.js:1:94963)
    at sc (https://v2.leaddrivecrm.org/_next/static/chunks/3707b5060c442959.js:1:137984)
    at https://v2.leaddrivecrm.org/_next/static/chunks/3707b5060c442959.js:1:137829
    at ss (https://v2.leaddrivecrm.org/_next/static/chunks/3707b5060c442959.js:1:137837) @ https://v2.leaddrivecrm.org/_next/static/chunks/3073ed4e47d4d993.js:2
[    2969ms] [ERROR] p: MISSING_MESSAGE: emailTemplates.textColor (ru)
    at c (https://v2.leaddrivecrm.org/_next/static/chunks/3073ed4e47d4d993.js:3:4743)
    at m (https://v2.leaddrivecrm.org/_next/static/chunks/3073ed4e47d4d993.js:3:4930)
    at f (https://v2.leaddrivecrm.org/_next/static/chunks/3073ed4e47d4d993.js:3:5389)
    at T (https://v2.leaddrivecrm.org/_next/static/chunks/3a476b296a2b41b2.js:1:19459)
    at av (https://v2.leaddrivecrm.org/_next/static/chunks/3707b5060c442959.js:1:63258)
    at oY (https://v2.leaddrivecrm.org/_next/static/chunks/3707b5060c442959.js:1:83531)
    at io (https://v2.leaddrivecrm.org/_next/static/chunks/3707b5060c442959.js:1:94963)
    at sc (https://v2.leaddrivecrm.org/_next/static/chunks/3707b5060c442959.js:1:137984)
    at https://v2.leaddrivecrm.org/_next/static/chunks/3707b5060c442959.js:1:137829
    at ss (https://v2.leaddrivecrm.org/_next/static/chunks/3707b5060c442959.js:1:137837) @ https://v2.leaddrivecrm.org/_next/static/chunks/3073ed4e47d4d993.js:2
[    2971ms] [ERROR] p: MISSING_MESSAGE: emailTemplates.clientData (ru)
    at c (https://v2.leaddrivecrm.org/_next/static/chunks/3073ed4e47d4d993.js:3:4743)
    at m (https://v2.leaddrivecrm.org/_next/static/chunks/3073ed4e47d4d993.js:3:4930)
    at f (https://v2.leaddrivecrm.org/_next/static/chunks/3073ed4e47d4d993.js:3:5389)
    at T (https://v2.leaddrivecrm.org/_next/static/chunks/3a476b296a2b41b2.js:1:21405)
    at av (https://v2.leaddrivecrm.org/_next/static/chunks/3707b5060c442959.js:1:63258)
    at oY (https://v2.leaddrivecrm.org/_next/static/chunks/3707b5060c442959.js:1:83531)
    at io (https://v2.leaddrivecrm.org/_next/static/chunks/3707b5060c442959.js:1:94963)
    at sc (https://v2.leaddrivecrm.org/_next/static/chunks/3707b5060c442959.js:1:137984)
    at https://v2.leaddrivecrm.org/_next/static/chunks/3707b5060c442959.js:1:137829
    at ss (https://v2.leaddrivecrm.org/_next/static/chunks/3707b5060c442959.js:1:137837) @ https://v2.leaddrivecrm.org/_next/static/chunks/3073ed4e47d4d993.js:2
[    2971ms] [ERROR] p: MISSING_MESSAGE: emailTemplates.varClientName (ru)
    at c (https://v2.leaddrivecrm.org/_next/static/chunks/3073ed4e47d4d993.js:3:4743)
    at m (https://v2.leaddrivecrm.org/_next/static/chunks/3073ed4e47d4d993.js:3:4930)
    at f (https://v2.leaddrivecrm.org/_next/static/chunks/3073ed4e47d4d993.js:3:5389)
    at https://v2.leaddrivecrm.org/_next/static/chunks/3a476b296a2b41b2.js:1:21901
    at Array.map (<anonymous>)
    at T (https://v2.leaddrivecrm.org/_next/static/chunks/3a476b296a2b41b2.js:1:21430)
    at av (https://v2.leaddrivecrm.org/_next/static/chunks/3707b5060c442959.js:1:63258)
    at oY (https://v2.leaddrivecrm.org/_next/static/chunks/3707b5060c442959.js:1:83531)
    at io (https://v2.leaddrivecrm.org/_next/static/chunks/3707b5060c442959.js:1:94963)
    at sc (https://v2.leaddrivecrm.org/_next/static/chunks/3707b5060c442959.js:1:137984) @ https://v2.leaddrivecrm.org/_next/static/chunks/3073ed4e47d4d993.js:2
[    2972ms] [ERROR] p: MISSING_MESSAGE: emailTemplates.varClientEmail (ru)
    at c (https://v2.leaddrivecrm.org/_next/static/chunks/3073ed4e47d4d993.js:3:4743)
    at m (https://v2.leaddrivecrm.org/_next/static/chunks/3073ed4e47d4d993.js:3:4930)
    at f (https://v2.leaddrivecrm.org/_next/static/chunks/3073ed4e47d4d993.js:3:5389)
    at https://v2.leaddrivecrm.org/_next/static/chunks/3a476b296a2b41b2.js:1:21901
    at Array.map (<anonymous>)
    at T (https://v2.leaddrivecrm.org/_next/static/chunks/3a476b296a2b41b2.js:1:21430)
    at av (https://v2.leaddrivecrm.org/_next/static/chunks/3707b5060c442959.js:1:63258)
    at oY (https://v2.leaddrivecrm.org/_next/static/chunks/3707b5060c442959.js:1:83531)
    at io (https://v2.leaddrivecrm.org/_next/static/chunks/3707b5060c442959.js:1:94963)
    at sc (https://v2.leaddrivecrm.org/_next/static/chunks/3707b5060c442959.js:1:137984) @ https://v2.leaddrivecrm.org/_next/static/chunks/3073ed4e47d4d993.js:2
[    2972ms] [ERROR] p: MISSING_MESSAGE: emailTemplates.varCompany (ru)
    at c (https://v2.leaddrivecrm.org/_next/static/chunks/3073ed4e47d4d993.js:3:4743)
    at m (https://v2.leaddrivecrm.org/_next/static/chunks/3073ed4e47d4d993.js:3:4930)
    at f (https://v2.leaddrivecrm.org/_next/static/chunks/3073ed4e47d4d993.js:3:5389)
    at https://v2.leaddrivecrm.org/_next/static/chunks/3a476b296a2b41b2.js:1:21901
    at Array.map (<anonymous>)
    at T (https://v2.leaddrivecrm.org/_next/static/chunks/3a476b296a2b41b2.js:1:21430)
    at av (https://v2.leaddrivecrm.org/_next/static/chunks/3707b5060c442959.js:1:63258)
    at oY (https://v2.leaddrivecrm.org/_next/static/chunks/3707b5060c442959.js:1:83531)
    at io (https://v2.leaddrivecrm.org/_next/static/chunks/3707b5060c442959.js:1:94963)
    at sc (https://v2.leaddrivecrm.org/_next/static/chunks/3707b5060c442959.js:1:137984) @ https://v2.leaddrivecrm.org/_next/static/chunks/3073ed4e47d4d993.js:2
[    2972ms] [ERROR] p: MISSING_MESSAGE: emailTemplates.varService (ru)
    at c (https://v2.leaddrivecrm.org/_next/static/chunks/3073ed4e47d4d993.js:3:4743)
    at m (https://v2.leaddrivecrm.org/_next/static/chunks/3073ed4e47d4d993.js:3:4930)
    at f (https://v2.leaddrivecrm.org/_next/static/chunks/3073ed4e47d4d993.js:3:5389)
    at https://v2.leaddrivecrm.org/_next/static/chunks/3a476b296a2b41b2.js:1:21901
    at Array.map (<anonymous>)
    at T (https://v2.leaddrivecrm.org/_next/static/chunks/3a476b296a2b41b2.js:1:21430)
    at av (https://v2.leaddrivecrm.org/_next/static/chunks/3707b5060c442959.js:1:63258)
    at oY (https://v2.leaddrivecrm.org/_next/static/chunks/3707b5060c442959.js:1:83531)
    at io (https://v2.leaddrivecrm.org/_next/static/chunks/3707b5060c442959.js:1:94963)
    at sc (https://v2.leaddrivecrm.org/_next/static/chunks/3707b5060c442959.js:1:137984) @ https://v2.leaddrivecrm.org/_next/static/chunks/3073ed4e47d4d993.js:2
[    2973ms] [ERROR] p: MISSING_MESSAGE: emailTemplates.varNewServices (ru)
    at c (https://v2.leaddrivecrm.org/_next/static/chunks/3073ed4e47d4d993.js:3:4743)
    at m (https://v2.leaddrivecrm.org/_next/static/chunks/3073ed4e47d4d993.js:3:4930)
    at f (https://v2.leaddrivecrm.org/_next/static/chunks/3073ed4e47d4d993.js:3:5389)
    at https://v2.leaddrivecrm.org/_next/static/chunks/3a476b296a2b41b2.js:1:21901
    at Array.map (<anonymous>)
    at T (https://v2.leaddrivecrm.org/_next/static/chunks/3a476b296a2b41b2.js:1:21430)
    at av (https://v2.leaddrivecrm.org/_next/static/chunks/3707b5060c442959.js:1:63258)
    at oY (https://v2.leaddrivecrm.org/_next/static/chunks/3707b5060c442959.js:1:83531)
    at io (https://v2.leaddrivecrm.org/_next/static/chunks/3707b5060c442959.js:1:94963)
    at sc (https://v2.leaddrivecrm.org/_next/static/chunks/3707b5060c442959.js:1:137984) @ https://v2.leaddrivecrm.org/_next/static/chunks/3073ed4e47d4d993.js:2
[    2973ms] [ERROR] p: MISSING_MESSAGE: emailTemplates.varImprovements (ru)
    at c (https://v2.leaddrivecrm.org/_next/static/chunks/3073ed4e47d4d993.js:3:4743)
    at m (https://v2.leaddrivecrm.org/_next/static/chunks/3073ed4e47d4d993.js:3:4930)
    at f (https://v2.leaddrivecrm.org/_next/static/chunks/3073ed4e47d4d993.js:3:5389)
    at https://v2.leaddrivecrm.org/_next/static/chunks/3a476b296a2b41b2.js:1:21901
    at Array.map (<anonymous>)
    at T (https://v2.leaddrivecrm.org/_next/static/chunks/3a476b296a2b41b2.js:1:21430)
    at av (https://v2.leaddrivecrm.org/_next/static/chunks/3707b5060c442959.js:1:63258)
    at oY (https://v2.leaddrivecrm.org/_next/static/chunks/3707b5060c442959.js:1:83531)
    at io (https://v2.leaddrivecrm.org/_next/static/chunks/3707b5060c442959.js:1:94963)
    at sc (https://v2.leaddrivecrm.org/_next/static/chunks/3707b5060c442959.js:1:137984) @ https://v2.leaddrivecrm.org/_next/static/chunks/3073ed4e47d4d993.js:2
[    2973ms] [ERROR] p: MISSING_MESSAGE: emailTemplates.varUpcoming (ru)
    at c (https://v2.leaddrivecrm.org/_next/static/chunks/3073ed4e47d4d993.js:3:4743)
    at m (https://v2.leaddrivecrm.org/_next/static/chunks/3073ed4e47d4d993.js:3:4930)
    at f (https://v2.leaddrivecrm.org/_next/static/chunks/3073ed4e47d4d993.js:3:5389)
    at https://v2.leaddrivecrm.org/_next/static/chunks/3a476b296a2b41b2.js:1:21901
    at Array.map (<anonymous>)
    at T (https://v2.leaddrivecrm.org/_next/static/chunks/3a476b296a2b41b2.js:1:21430)
    at av (https://v2.leaddrivecrm.org/_next/static/chunks/3707b5060c442959.js:1:63258)
    at oY (https://v2.leaddrivecrm.org/_next/static/chunks/3707b5060c442959.js:1:83531)
    at io (https://v2.leaddrivecrm.org/_next/static/chunks/3707b5060c442959.js:1:94963)
    at sc (https://v2.leaddrivecrm.org/_next/static/chunks/3707b5060c442959.js:1:137984) @ https://v2.leaddrivecrm.org/_next/static/chunks/3073ed4e47d4d993.js:2
[    2973ms] [ERROR] p: MISSING_MESSAGE: emailTemplates.varDate (ru)
    at c (https://v2.leaddrivecrm.org/_next/static/chunks/3073ed4e47d4d993.js:3:4743)
    at m (https://v2.leaddrivecrm.org/_next/static/chunks/3073ed4e47d4d993.js:3:4930)
    at f (https://v2.leaddrivecrm.org/_next/static/chunks/3073ed4e47d4d993.js:3:5389)
    at https://v2.leaddrivecrm.org/_next/static/chunks/3a476b296a2b41b2.js:1:21901
    at Array.map (<anonymous>)
    at T (https://v2.leaddrivecrm.org/_next/static/chunks/3a476b296a2b41b2.js:1:21430)
    at av (https://v2.leaddrivecrm.org/_next/static/chunks/3707b5060c442959.js:1:63258)
    at oY (https://v2.leaddrivecrm.org/_next/static/chunks/3707b5060c442959.js:1:83531)
    at io (https://v2.leaddrivecrm.org/_next/static/chunks/3707b5060c442959.js:1:94963)
    at sc (https://v2.leaddrivecrm.org/_next/static/chunks/3707b5060c442959.js:1:137984) @ https://v2.leaddrivecrm.org/_next/static/chunks/3073ed4e47d4d993.js:2
[    2974ms] [ERROR] p: MISSING_MESSAGE: emailTemplates.varMonth (ru)
    at c (https://v2.leaddrivecrm.org/_next/static/chunks/3073ed4e47d4d993.js:3:4743)
    at m (https://v2.leaddrivecrm.org/_next/static/chunks/3073ed4e47d4d993.js:3:4930)
    at f (https://v2.leaddrivecrm.org/_next/static/chunks/3073ed4e47d4d993.js:3:5389)
    at https://v2.leaddrivecrm.org/_next/static/chunks/3a476b296a2b41b2.js:1:21901
    at Array.map (<anonymous>)
    at T (https://v2.leaddrivecrm.org/_next/static/chunks/3a476b296a2b41b2.js:1:21430)
    at av (https://v2.leaddrivecrm.org/_next/static/chunks/3707b5060c442959.js:1:63258)
    at oY (https://v2.leaddrivecrm.org/_next/static/chunks/3707b5060c442959.js:1:83531)
    at io (https://v2.leaddrivecrm.org/_next/static/chunks/3707b5060c442959.js:1:94963)
    at sc (https://v2.leaddrivecrm.org/_next/static/chunks/3707b5060c442959.js:1:137984) @ https://v2.leaddrivecrm.org/_next/static/chunks/3073ed4e47d4d993.js:2
[    2974ms] [ERROR] p: MISSING_MESSAGE: emailTemplates.varYear (ru)
    at c (https://v2.leaddrivecrm.org/_next/static/chunks/3073ed4e47d4d993.js:3:4743)
    at m (https://v2.leaddrivecrm.org/_next/static/chunks/3073ed4e47d4d993.js:3:4930)
    at f (https://v2.leaddrivecrm.org/_next/static/chunks/3073ed4e47d4d993.js:3:5389)
    at https://v2.leaddrivecrm.org/_next/static/chunks/3a476b296a2b41b2.js:1:21901
    at Array.map (<anonymous>)
    at T (https://v2.leaddrivecrm.org/_next/static/chunks/3a476b296a2b41b2.js:1:21430)
    at av (https://v2.leaddrivecrm.org/_next/static/chunks/3707b5060c442959.js:1:63258)
    at oY (https://v2.leaddrivecrm.org/_next/static/chunks/3707b5060c442959.js:1:83531)
    at io (https://v2.leaddrivecrm.org/_next/static/chunks/3707b5060c442959.js:1:94963)
    at sc (https://v2.leaddrivecrm.org/_next/static/chunks/3707b5060c442959.js:1:137984) @ https://v2.leaddrivecrm.org/_next/static/chunks/3073ed4e47d4d993.js:2
[    2974ms] [ERROR] p: MISSING_MESSAGE: emailTemplates.editorPlaceholder (ru)
    at c (https://v2.leaddrivecrm.org/_next/static/chunks/3073ed4e47d4d993.js:3:4743)
    at m (https://v2.leaddrivecrm.org/_next/static/chunks/3073ed4e47d4d993.js:3:4930)
    at f (https://v2.leaddrivecrm.org/_next/static/chunks/3073ed4e47d4d993.js:3:5389)
    at T (https://v2.leaddrivecrm.org/_next/static/chunks/3a476b296a2b41b2.js:1:22199)
    at av (https://v2.leaddrivecrm.org/_next/static/chunks/3707b5060c442959.js:1:63258)
    at oY (https://v2.leaddrivecrm.org/_next/static/chunks/3707b5060c442959.js:1:83531)
    at io (https://v2.leaddrivecrm.org/_next/static/chunks/3707b5060c442959.js:1:94963)
    at sc (https://v2.leaddrivecrm.org/_next/static/chunks/3707b5060c442959.js:1:137984)
    at https://v2.leaddrivecrm.org/_next/static/chunks/3707b5060c442959.js:1:137829
    at ss (https://v2.leaddrivecrm.org/_next/static/chunks/3707b5060c442959.js:1:137837) @ https://v2.leaddrivecrm.org/_next/static/chunks/3073ed4e47d4d993.js:2
[    2974ms] [ERROR] p: MISSING_MESSAGE: emailTemplates.editorPlaceholder (ru)
    at c (https://v2.leaddrivecrm.org/_next/static/chunks/3073ed4e47d4d993.js:3:4743)
    at m (https://v2.leaddrivecrm.org/_next/static/chunks/3073ed4e47d4d993.js:3:4930)
    at f (https://v2.leaddrivecrm.org/_next/static/chunks/3073ed4e47d4d993.js:3:5389)
    at T (https://v2.leaddrivecrm.org/_next/static/chunks/3a476b296a2b41b2.js:1:22366)
    at av (https://v2.leaddrivecrm.org/_next/static/chunks/3707b5060c442959.js:1:63258)
    at oY (https://v2.leaddrivecrm.org/_next/static/chunks/3707b5060c442959.js:1:83531)
    at io (https://v2.leaddrivecrm.org/_next/static/chunks/3707b5060c442959.js:1:94963)
    at sc (https://v2.leaddrivecrm.org/_next/static/chunks/3707b5060c442959.js:1:137984)
    at https://v2.leaddrivecrm.org/_next/static/chunks/3707b5060c442959.js:1:137829
    at ss (https://v2.leaddrivecrm.org/_next/static/chunks/3707b5060c442959.js:1:137837) @ https://v2.leaddrivecrm.org/_next/static/chunks/3073ed4e47d4d993.js:2
[    3322ms] [ERROR] p: MISSING_MESSAGE: emailTemplates.editorHint (ru)
    at c (https://v2.leaddrivecrm.org/_next/static/chunks/3073ed4e47d4d993.js:3:4743)
    at m (https://v2.leaddrivecrm.org/_next/static/chunks/3073ed4e47d4d993.js:3:4930)
    at f (https://v2.leaddrivecrm.org/_next/static/chunks/3073ed4e47d4d993.js:3:5389)
    at T (https://v2.leaddrivecrm.org/_next/static/chunks/3a476b296a2b41b2.js:1:17094)
    at av (https://v2.leaddrivecrm.org/_next/static/chunks/3707b5060c442959.js:1:63258)
    at oY (https://v2.leaddrivecrm.org/_next/static/chunks/3707b5060c442959.js:1:83531)
    at io (https://v2.leaddrivecrm.org/_next/static/chunks/3707b5060c442959.js:1:94963)
    at sc (https://v2.leaddrivecrm.org/_next/static/chunks/3707b5060c442959.js:1:137984)
    at https://v2.leaddrivecrm.org/_next/static/chunks/3707b5060c442959.js:1:137829
    at ss (https://v2.leaddrivecrm.org/_next/static/chunks/3707b5060c442959.js:1:137837) @ https://v2.leaddrivecrm.org/_next/static/chunks/3073ed4e47d4d993.js:2
[    3323ms] [ERROR] p: MISSING_MESSAGE: emailTemplates.tabEditor (ru)
    at c (https://v2.leaddrivecrm.org/_next/static/chunks/3073ed4e47d4d993.js:3:4743)
    at m (https://v2.leaddrivecrm.org/_next/static/chunks/3073ed4e47d4d993.js:3:4930)
    at f (https://v2.leaddrivecrm.org/_next/static/chunks/3073ed4e47d4d993.js:3:5389)
    at T (https://v2.leaddrivecrm.org/_next/static/chunks/3a476b296a2b41b2.js:1:17442)
    at av (https://v2.leaddrivecrm.org/_next/static/chunks/3707b5060c442959.js:1:63258)
    at oY (https://v2.leaddrivecrm.org/_next/static/chunks/3707b5060c442959.js:1:83531)
    at io (https://v2.leaddrivecrm.org/_next/static/chunks/3707b5060c442959.js:1:94963)
    at sc (https://v2.leaddrivecrm.org/_next/static/chunks/3707b5060c442959.js:1:137984)
    at https://v2.leaddrivecrm.org/_next/static/chunks/3707b5060c442959.js:1:137829
    at ss (https://v2.leaddrivecrm.org/_next/static/chunks/3707b5060c442959.js:1:137837) @ https://v2.leaddrivecrm.org/_next/static/chunks/3073ed4e47d4d993.js:2
[    3323ms] [ERROR] p: MISSING_MESSAGE: emailTemplates.tabPreview (ru)
    at c (https://v2.leaddrivecrm.org/_next/static/chunks/3073ed4e47d4d993.js:3:4743)
    at m (https://v2.leaddrivecrm.org/_next/static/chunks/3073ed4e47d4d993.js:3:4930)
    at f (https://v2.leaddrivecrm.org/_next/static/chunks/3073ed4e47d4d993.js:3:5389)
    at T (https://v2.leaddrivecrm.org/_next/static/chunks/3a476b296a2b41b2.js:1:17733)
    at av (https://v2.leaddrivecrm.org/_next/static/chunks/3707b5060c442959.js:1:63258)
    at oY (https://v2.leaddrivecrm.org/_next/static/chunks/3707b5060c442959.js:1:83531)
    at io (https://v2.leaddrivecrm.org/_next/static/chunks/3707b5060c442959.js:1:94963)
    at sc (https://v2.leaddrivecrm.org/_next/static/chunks/3707b5060c442959.js:1:137984)
    at https://v2.leaddrivecrm.org/_next/static/chunks/3707b5060c442959.js:1:137829
    at ss (https://v2.leaddrivecrm.org/_next/static/chunks/3707b5060c442959.js:1:137837) @ https://v2.leaddrivecrm.org/_next/static/chunks/3073ed4e47d4d993.js:2
[    3323ms] [ERROR] p: MISSING_MESSAGE: emailTemplates.fontSize (ru)
    at c (https://v2.leaddrivecrm.org/_next/static/chunks/3073ed4e47d4d993.js:3:4743)
    at m (https://v2.leaddrivecrm.org/_next/static/chunks/3073ed4e47d4d993.js:3:4930)
    at f (https://v2.leaddrivecrm.org/_next/static/chunks/3073ed4e47d4d993.js:3:5389)
    at T (https://v2.leaddrivecrm.org/_next/static/chunks/3a476b296a2b41b2.js:1:19125)
    at av (https://v2.leaddrivecrm.org/_next/static/chunks/3707b5060c442959.js:1:63258)
    at oY (https://v2.leaddrivecrm.org/_next/static/chunks/3707b5060c442959.js:1:83531)
    at io (https://v2.leaddrivecrm.org/_next/static/chunks/3707b5060c442959.js:1:94963)
    at sc (https://v2.leaddrivecrm.org/_next/static/chunks/3707b5060c442959.js:1:137984)
    at https://v2.leaddrivecrm.org/_next/static/chunks/3707b5060c442959.js:1:137829
    at ss (https://v2.leaddrivecrm.org/_next/static/chunks/3707b5060c442959.js:1:137837) @ https://v2.leaddrivecrm.org/_next/static/chunks/3073ed4e47d4d993.js:2
[    3323ms] [ERROR] p: MISSING_MESSAGE: emailTemplates.fontSmall (ru)
    at c (https://v2.leaddrivecrm.org/_next/static/chunks/3073ed4e47d4d993.js:3:4743)
    at m (https://v2.leaddrivecrm.org/_next/static/chunks/3073ed4e47d4d993.js:3:4930)
    at f (https://v2.leaddrivecrm.org/_next/static/chunks/3073ed4e47d4d993.js:3:5389)
    at T (https://v2.leaddrivecrm.org/_next/static/chunks/3a476b296a2b41b2.js:1:19180)
    at av (https://v2.leaddrivecrm.org/_next/static/chunks/3707b5060c442959.js:1:63258)
    at oY (https://v2.leaddrivecrm.org/_next/static/chunks/3707b5060c442959.js:1:83531)
    at io (https://v2.leaddrivecrm.org/_next/static/chunks/3707b5060c442959.js:1:94963)
    at sc (https://v2.leaddrivecrm.org/_next/static/chunks/3707b5060c442959.js:1:137984)
    at https://v2.leaddrivecrm.org/_next/static/chunks/3707b5060c442959.js:1:137829
    at ss (https://v2.leaddrivecrm.org/_next/static/chunks/3707b5060c442959.js:1:137837) @ https://v2.leaddrivecrm.org/_next/static/chunks/3073ed4e47d4d993.js:2
[    3324ms] [ERROR] p: MISSING_MESSAGE: emailTemplates.fontNormal (ru)
    at c (https://v2.leaddrivecrm.org/_next/static/chunks/3073ed4e47d4d993.js:3:4743)
    at m (https://v2.leaddrivecrm.org/_next/static/chunks/3073ed4e47d4d993.js:3:4930)
    at f (https://v2.leaddrivecrm.org/_next/static/chunks/3073ed4e47d4d993.js:3:5389)
    at T (https://v2.leaddrivecrm.org/_next/static/chunks/3a476b296a2b41b2.js:1:19236)
    at av (https://v2.leaddrivecrm.org/_next/static/chunks/3707b5060c442959.js:1:63258)
    at oY (https://v2.leaddrivecrm.org/_next/static/chunks/3707b5060c442959.js:1:83531)
    at io (https://v2.leaddrivecrm.org/_next/static/chunks/3707b5060c442959.js:1:94963)
    at sc (https://v2.leaddrivecrm.org/_next/static/chunks/3707b5060c442959.js:1:137984)
    at https://v2.leaddrivecrm.org/_next/static/chunks/3707b5060c442959.js:1:137829
    at ss (https://v2.leaddrivecrm.org/_next/static/chunks/3707b5060c442959.js:1:137837) @ https://v2.leaddrivecrm.org/_next/static/chunks/3073ed4e47d4d993.js:2
[    3324ms] [ERROR] p: MISSING_MESSAGE: emailTemplates.fontLarge (ru)
    at c (https://v2.leaddrivecrm.org/_next/static/chunks/3073ed4e47d4d993.js:3:4743)
    at m (https://v2.leaddrivecrm.org/_next/static/chunks/3073ed4e47d4d993.js:3:4930)
    at f (https://v2.leaddrivecrm.org/_next/static/chunks/3073ed4e47d4d993.js:3:5389)
    at T (https://v2.leaddrivecrm.org/_next/static/chunks/3a476b296a2b41b2.js:1:19293)
    at av (https://v2.leaddrivecrm.org/_next/static/chunks/3707b5060c442959.js:1:63258)
    at oY (https://v2.leaddrivecrm.org/_next/static/chunks/3707b5060c442959.js:1:83531)
    at io (https://v2.leaddrivecrm.org/_next/static/chunks/3707b5060c442959.js:1:94963)
    at sc (https://v2.leaddrivecrm.org/_next/static/chunks/3707b5060c442959.js:1:137984)
    at https://v2.leaddrivecrm.org/_next/static/chunks/3707b5060c442959.js:1:137829
    at ss (https://v2.leaddrivecrm.org/_next/static/chunks/3707b5060c442959.js:1:137837) @ https://v2.leaddrivecrm.org/_next/static/chunks/3073ed4e47d4d993.js:2
[    3324ms] [ERROR] p: MISSING_MESSAGE: emailTemplates.fontHeading (ru)
    at c (https://v2.leaddrivecrm.org/_next/static/chunks/3073ed4e47d4d993.js:3:4743)
    at m (https://v2.leaddrivecrm.org/_next/static/chunks/3073ed4e47d4d993.js:3:4930)
    at f (https://v2.leaddrivecrm.org/_next/static/chunks/3073ed4e47d4d993.js:3:5389)
    at T (https://v2.leaddrivecrm.org/_next/static/chunks/3a476b296a2b41b2.js:1:19349)
    at av (https://v2.leaddrivecrm.org/_next/static/chunks/3707b5060c442959.js:1:63258)
    at oY (https://v2.leaddrivecrm.org/_next/static/chunks/3707b5060c442959.js:1:83531)
    at io (https://v2.leaddrivecrm.org/_next/static/chunks/3707b5060c442959.js:1:94963)
    at sc (https://v2.leaddrivecrm.org/_next/static/chunks/3707b5060c442959.js:1:137984)
    at https://v2.leaddrivecrm.org/_next/static/chunks/3707b5060c442959.js:1:137829
    at ss (https://v2.leaddrivecrm.org/_next/static/chunks/3707b5060c442959.js:1:137837) @ https://v2.leaddrivecrm.org/_next/static/chunks/3073ed4e47d4d993.js:2
[    3324ms] [ERROR] p: MISSING_MESSAGE: emailTemplates.textColor (ru)
    at c (https://v2.leaddrivecrm.org/_next/static/chunks/3073ed4e47d4d993.js:3:4743)
    at m (https://v2.leaddrivecrm.org/_next/static/chunks/3073ed4e47d4d993.js:3:4930)
    at f (https://v2.leaddrivecrm.org/_next/static/chunks/3073ed4e47d4d993.js:3:5389)
    at T (https://v2.leaddrivecrm.org/_next/static/chunks/3a476b296a2b41b2.js:1:19459)
    at av (https://v2.leaddrivecrm.org/_next/static/chunks/3707b5060c442959.js:1:63258)
    at oY (https://v2.leaddrivecrm.org/_next/static/chunks/3707b5060c442959.js:1:83531)
    at io (https://v2.leaddrivecrm.org/_next/static/chunks/3707b5060c442959.js:1:94963)
    at sc (https://v2.leaddrivecrm.org/_next/static/chunks/3707b5060c442959.js:1:137984)
    at https://v2.leaddrivecrm.org/_next/static/chunks/3707b5060c442959.js:1:137829
    at ss (https://v2.leaddrivecrm.org/_next/static/chunks/3707b5060c442959.js:1:137837) @ https://v2.leaddrivecrm.org/_next/static/chunks/3073ed4e47d4d993.js:2
[    3324ms] [ERROR] p: MISSING_MESSAGE: emailTemplates.clientData (ru)
    at c (https://v2.leaddrivecrm.org/_next/static/chunks/3073ed4e47d4d993.js:3:4743)
    at m (https://v2.leaddrivecrm.org/_next/static/chunks/3073ed4e47d4d993.js:3:4930)
    at f (https://v2.leaddrivecrm.org/_next/static/chunks/3073ed4e47d4d993.js:3:5389)
    at T (https://v2.leaddrivecrm.org/_next/static/chunks/3a476b296a2b41b2.js:1:21405)
    at av (https://v2.leaddrivecrm.org/_next/static/chunks/3707b5060c442959.js:1:63258)
    at oY (https://v2.leaddrivecrm.org/_next/static/chunks/3707b5060c442959.js:1:83531)
    at io (https://v2.leaddrivecrm.org/_next/static/chunks/3707b5060c442959.js:1:94963)
    at sc (https://v2.leaddrivecrm.org/_next/static/chunks/3707b5060c442959.js:1:137984)
    at https://v2.leaddrivecrm.org/_next/static/chunks/3707b5060c442959.js:1:137829
    at ss (https://v2.leaddrivecrm.org/_next/static/chunks/3707b5060c442959.js:1:137837) @ https://v2.leaddrivecrm.org/_next/static/chunks/3073ed4e47d4d993.js:2
[    3324ms] [ERROR] p: MISSING_MESSAGE: emailTemplates.varClientName (ru)
    at c (https://v2.leaddrivecrm.org/_next/static/chunks/3073ed4e47d4d993.js:3:4743)
    at m (https://v2.leaddrivecrm.org/_next/static/chunks/3073ed4e47d4d993.js:3:4930)
    at f (https://v2.leaddrivecrm.org/_next/static/chunks/3073ed4e47d4d993.js:3:5389)
    at https://v2.leaddrivecrm.org/_next/static/chunks/3a476b296a2b41b2.js:1:21901
    at Array.map (<anonymous>)
    at T (https://v2.leaddrivecrm.org/_next/static/chunks/3a476b296a2b41b2.js:1:21430)
    at av (https://v2.leaddrivecrm.org/_next/static/chunks/3707b5060c442959.js:1:63258)
    at oY (https://v2.leaddrivecrm.org/_next/static/chunks/3707b5060c442959.js:1:83531)
    at io (https://v2.leaddrivecrm.org/_next/static/chunks/3707b5060c442959.js:1:94963)
    at sc (https://v2.leaddrivecrm.org/_next/static/chunks/3707b5060c442959.js:1:137984) @ https://v2.leaddrivecrm.org/_next/static/chunks/3073ed4e47d4d993.js:2
[    3324ms] [ERROR] p: MISSING_MESSAGE: emailTemplates.varClientEmail (ru)
    at c (https://v2.leaddrivecrm.org/_next/static/chunks/3073ed4e47d4d993.js:3:4743)
    at m (https://v2.leaddrivecrm.org/_next/static/chunks/3073ed4e47d4d993.js:3:4930)
    at f (https://v2.leaddrivecrm.org/_next/static/chunks/3073ed4e47d4d993.js:3:5389)
    at https://v2.leaddrivecrm.org/_next/static/chunks/3a476b296a2b41b2.js:1:21901
    at Array.map (<anonymous>)
    at T (https://v2.leaddrivecrm.org/_next/static/chunks/3a476b296a2b41b2.js:1:21430)
    at av (https://v2.leaddrivecrm.org/_next/static/chunks/3707b5060c442959.js:1:63258)
    at oY (https://v2.leaddrivecrm.org/_next/static/chunks/3707b5060c442959.js:1:83531)
    at io (https://v2.leaddrivecrm.org/_next/static/chunks/3707b5060c442959.js:1:94963)
    at sc (https://v2.leaddrivecrm.org/_next/static/chunks/3707b5060c442959.js:1:137984) @ https://v2.leaddrivecrm.org/_next/static/chunks/3073ed4e47d4d993.js:2
[    3325ms] [ERROR] p: MISSING_MESSAGE: emailTemplates.varCompany (ru)
    at c (https://v2.leaddrivecrm.org/_next/static/chunks/3073ed4e47d4d993.js:3:4743)
    at m (https://v2.leaddrivecrm.org/_next/static/chunks/3073ed4e47d4d993.js:3:4930)
    at f (https://v2.leaddrivecrm.org/_next/static/chunks/3073ed4e47d4d993.js:3:5389)
    at https://v2.leaddrivecrm.org/_next/static/chunks/3a476b296a2b41b2.js:1:21901
    at Array.map (<anonymous>)
    at T (https://v2.leaddrivecrm.org/_next/static/chunks/3a476b296a2b41b2.js:1:21430)
    at av (https://v2.leaddrivecrm.org/_next/static/chunks/3707b5060c442959.js:1:63258)
    at oY (https://v2.leaddrivecrm.org/_next/static/chunks/3707b5060c442959.js:1:83531)
    at io (https://v2.leaddrivecrm.org/_next/static/chunks/3707b5060c442959.js:1:94963)
    at sc (https://v2.leaddrivecrm.org/_next/static/chunks/3707b5060c442959.js:1:137984) @ https://v2.leaddrivecrm.org/_next/static/chunks/3073ed4e47d4d993.js:2
[    3325ms] [ERROR] p: MISSING_MESSAGE: emailTemplates.varService (ru)
    at c (https://v2.leaddrivecrm.org/_next/static/chunks/3073ed4e47d4d993.js:3:4743)
    at m (https://v2.leaddrivecrm.org/_next/static/chunks/3073ed4e47d4d993.js:3:4930)
    at f (https://v2.leaddrivecrm.org/_next/static/chunks/3073ed4e47d4d993.js:3:5389)
    at https://v2.leaddrivecrm.org/_next/static/chunks/3a476b296a2b41b2.js:1:21901
    at Array.map (<anonymous>)
    at T (https://v2.leaddrivecrm.org/_next/static/chunks/3a476b296a2b41b2.js:1:21430)
    at av (https://v2.leaddrivecrm.org/_next/static/chunks/3707b5060c442959.js:1:63258)
    at oY (https://v2.leaddrivecrm.org/_next/static/chunks/3707b5060c442959.js:1:83531)
    at io (https://v2.leaddrivecrm.org/_next/static/chunks/3707b5060c442959.js:1:94963)
    at sc (https://v2.leaddrivecrm.org/_next/static/chunks/3707b5060c442959.js:1:137984) @ https://v2.leaddrivecrm.org/_next/static/chunks/3073ed4e47d4d993.js:2
[    3325ms] [ERROR] p: MISSING_MESSAGE: emailTemplates.varNewServices (ru)
    at c (https://v2.leaddrivecrm.org/_next/static/chunks/3073ed4e47d4d993.js:3:4743)
    at m (https://v2.leaddrivecrm.org/_next/static/chunks/3073ed4e47d4d993.js:3:4930)
    at f (https://v2.leaddrivecrm.org/_next/static/chunks/3073ed4e47d4d993.js:3:5389)
    at https://v2.leaddrivecrm.org/_next/static/chunks/3a476b296a2b41b2.js:1:21901
    at Array.map (<anonymous>)
    at T (https://v2.leaddrivecrm.org/_next/static/chunks/3a476b296a2b41b2.js:1:21430)
    at av (https://v2.leaddrivecrm.org/_next/static/chunks/3707b5060c442959.js:1:63258)
    at oY (https://v2.leaddrivecrm.org/_next/static/chunks/3707b5060c442959.js:1:83531)
    at io (https://v2.leaddrivecrm.org/_next/static/chunks/3707b5060c442959.js:1:94963)
    at sc (https://v2.leaddrivecrm.org/_next/static/chunks/3707b5060c442959.js:1:137984) @ https://v2.leaddrivecrm.org/_next/static/chunks/3073ed4e47d4d993.js:2
[    3325ms] [ERROR] p: MISSING_MESSAGE: emailTemplates.varImprovements (ru)
    at c (https://v2.leaddrivecrm.org/_next/static/chunks/3073ed4e47d4d993.js:3:4743)
    at m (https://v2.leaddrivecrm.org/_next/static/chunks/3073ed4e47d4d993.js:3:4930)
    at f (https://v2.leaddrivecrm.org/_next/static/chunks/3073ed4e47d4d993.js:3:5389)
    at https://v2.leaddrivecrm.org/_next/static/chunks/3a476b296a2b41b2.js:1:21901
    at Array.map (<anonymous>)
    at T (https://v2.leaddrivecrm.org/_next/static/chunks/3a476b296a2b41b2.js:1:21430)
    at av (https://v2.leaddrivecrm.org/_next/static/chunks/3707b5060c442959.js:1:63258)
    at oY (https://v2.leaddrivecrm.org/_next/static/chunks/3707b5060c442959.js:1:83531)
    at io (https://v2.leaddrivecrm.org/_next/static/chunks/3707b5060c442959.js:1:94963)
    at sc (https://v2.leaddrivecrm.org/_next/static/chunks/3707b5060c442959.js:1:137984) @ https://v2.leaddrivecrm.org/_next/static/chunks/3073ed4e47d4d993.js:2
[    3325ms] [ERROR] p: MISSING_MESSAGE: emailTemplates.varUpcoming (ru)
    at c (https://v2.leaddrivecrm.org/_next/static/chunks/3073ed4e47d4d993.js:3:4743)
    at m (https://v2.leaddrivecrm.org/_next/static/chunks/3073ed4e47d4d993.js:3:4930)
    at f (https://v2.leaddrivecrm.org/_next/static/chunks/3073ed4e47d4d993.js:3:5389)
    at https://v2.leaddrivecrm.org/_next/static/chunks/3a476b296a2b41b2.js:1:21901
    at Array.map (<anonymous>)
    at T (https://v2.leaddrivecrm.org/_next/static/chunks/3a476b296a2b41b2.js:1:21430)
    at av (https://v2.leaddrivecrm.org/_next/static/chunks/3707b5060c442959.js:1:63258)
    at oY (https://v2.leaddrivecrm.org/_next/static/chunks/3707b5060c442959.js:1:83531)
    at io (https://v2.leaddrivecrm.org/_next/static/chunks/3707b5060c442959.js:1:94963)
    at sc (https://v2.leaddrivecrm.org/_next/static/chunks/3707b5060c442959.js:1:137984) @ https://v2.leaddrivecrm.org/_next/static/chunks/3073ed4e47d4d993.js:2
[    3325ms] [ERROR] p: MISSING_MESSAGE: emailTemplates.varDate (ru)
    at c (https://v2.leaddrivecrm.org/_next/static/chunks/3073ed4e47d4d993.js:3:4743)
    at m (https://v2.leaddrivecrm.org/_next/static/chunks/3073ed4e47d4d993.js:3:4930)
    at f (https://v2.leaddrivecrm.org/_next/static/chunks/3073ed4e47d4d993.js:3:5389)
    at https://v2.leaddrivecrm.org/_next/static/chunks/3a476b296a2b41b2.js:1:21901
    at Array.map (<anonymous>)
    at T (https://v2.leaddrivecrm.org/_next/static/chunks/3a476b296a2b41b2.js:1:21430)
    at av (https://v2.leaddrivecrm.org/_next/static/chunks/3707b5060c442959.js:1:63258)
    at oY (https://v2.leaddrivecrm.org/_next/static/chunks/3707b5060c442959.js:1:83531)
    at io (https://v2.leaddrivecrm.org/_next/static/chunks/3707b5060c442959.js:1:94963)
    at sc (https://v2.leaddrivecrm.org/_next/static/chunks/3707b5060c442959.js:1:137984) @ https://v2.leaddrivecrm.org/_next/static/chunks/3073ed4e47d4d993.js:2
[    3326ms] [ERROR] p: MISSING_MESSAGE: emailTemplates.varMonth (ru)
    at c (https://v2.leaddrivecrm.org/_next/static/chunks/3073ed4e47d4d993.js:3:4743)
    at m (https://v2.leaddrivecrm.org/_next/static/chunks/3073ed4e47d4d993.js:3:4930)
    at f (https://v2.leaddrivecrm.org/_next/static/chunks/3073ed4e47d4d993.js:3:5389)
    at https://v2.leaddrivecrm.org/_next/static/chunks/3a476b296a2b41b2.js:1:21901
    at Array.map (<anonymous>)
    at T (https://v2.leaddrivecrm.org/_next/static/chunks/3a476b296a2b41b2.js:1:21430)
    at av (https://v2.leaddrivecrm.org/_next/static/chunks/3707b5060c442959.js:1:63258)
    at oY (https://v2.leaddrivecrm.org/_next/static/chunks/3707b5060c442959.js:1:83531)
    at io (https://v2.leaddrivecrm.org/_next/static/chunks/3707b5060c442959.js:1:94963)
    at sc (https://v2.leaddrivecrm.org/_next/static/chunks/3707b5060c442959.js:1:137984) @ https://v2.leaddrivecrm.org/_next/static/chunks/3073ed4e47d4d993.js:2
[    3326ms] [ERROR] p: MISSING_MESSAGE: emailTemplates.varYear (ru)
    at c (https://v2.leaddrivecrm.org/_next/static/chunks/3073ed4e47d4d993.js:3:4743)
    at m (https://v2.leaddrivecrm.org/_next/static/chunks/3073ed4e47d4d993.js:3:4930)
    at f (https://v2.leaddrivecrm.org/_next/static/chunks/3073ed4e47d4d993.js:3:5389)
    at https://v2.leaddrivecrm.org/_next/static/chunks/3a476b296a2b41b2.js:1:21901
    at Array.map (<anonymous>)
    at T (https://v2.leaddrivecrm.org/_next/static/chunks/3a476b296a2b41b2.js:1:21430)
    at av (https://v2.leaddrivecrm.org/_next/static/chunks/3707b5060c442959.js:1:63258)
    at oY (https://v2.leaddrivecrm.org/_next/static/chunks/3707b5060c442959.js:1:83531)
    at io (https://v2.leaddrivecrm.org/_next/static/chunks/3707b5060c442959.js:1:94963)
    at sc (https://v2.leaddrivecrm.org/_next/static/chunks/3707b5060c442959.js:1:137984) @ https://v2.leaddrivecrm.org/_next/static/chunks/3073ed4e47d4d993.js:2
[    3326ms] [ERROR] p: MISSING_MESSAGE: emailTemplates.editorPlaceholder (ru)
    at c (https://v2.leaddrivecrm.org/_next/static/chunks/3073ed4e47d4d993.js:3:4743)
    at m (https://v2.leaddrivecrm.org/_next/static/chunks/3073ed4e47d4d993.js:3:4930)
    at f (https://v2.leaddrivecrm.org/_next/static/chunks/3073ed4e47d4d993.js:3:5389)
    at T (https://v2.leaddrivecrm.org/_next/static/chunks/3a476b296a2b41b2.js:1:22199)
    at av (https://v2.leaddrivecrm.org/_next/static/chunks/3707b5060c442959.js:1:63258)
    at oY (https://v2.leaddrivecrm.org/_next/static/chunks/3707b5060c442959.js:1:83531)
    at io (https://v2.leaddrivecrm.org/_next/static/chunks/3707b5060c442959.js:1:94963)
    at sc (https://v2.leaddrivecrm.org/_next/static/chunks/3707b5060c442959.js:1:137984)
    at https://v2.leaddrivecrm.org/_next/static/chunks/3707b5060c442959.js:1:137829
    at ss (https://v2.leaddrivecrm.org/_next/static/chunks/3707b5060c442959.js:1:137837) @ https://v2.leaddrivecrm.org/_next/static/chunks/3073ed4e47d4d993.js:2
[    3326ms] [ERROR] p: MISSING_MESSAGE: emailTemplates.editorPlaceholder (ru)
    at c (https://v2.leaddrivecrm.org/_next/static/chunks/3073ed4e47d4d993.js:3:4743)
    at m (https://v2.leaddrivecrm.org/_next/static/chunks/3073ed4e47d4d993.js:3:4930)
    at f (https://v2.leaddrivecrm.org/_next/static/chunks/3073ed4e47d4d993.js:3:5389)
    at T (https://v2.leaddrivecrm.org/_next/static/chunks/3a476b296a2b41b2.js:1:22366)
    at av (https://v2.leaddrivecrm.org/_next/static/chunks/3707b5060c442959.js:1:63258)
    at oY (https://v2.leaddrivecrm.org/_next/static/chunks/3707b5060c442959.js:1:83531)
    at io (https://v2.leaddrivecrm.org/_next/static/chunks/3707b5060c442959.js:1:94963)
    at sc (https://v2.leaddrivecrm.org/_next/static/chunks/3707b5060c442959.js:1:137984)
    at https://v2.leaddrivecrm.org/_next/static/chunks/3707b5060c442959.js:1:137829
    at ss (https://v2.leaddrivecrm.org/_next/static/chunks/3707b5060c442959.js:1:137837) @ https://v2.leaddrivecrm.org/_next/static/chunks/3073ed4e47d4d993.js:2
